{"meta": {"format": 3, "version": "7.6.4", "timestamp": "2025-08-25T22:50:44.328429", "branch_coverage": false, "show_contexts": false}, "files": {"src/__init__.py": {"executed_lines": [1, 8, 9], "summary": {"covered_lines": 2, "num_statements": 2, "percent_covered": 100.0, "percent_covered_display": "100", "missing_lines": 0, "excluded_lines": 0}, "missing_lines": [], "excluded_lines": [], "functions": {"": {"executed_lines": [1, 8, 9], "summary": {"covered_lines": 2, "num_statements": 2, "percent_covered": 100.0, "percent_covered_display": "100", "missing_lines": 0, "excluded_lines": 0}, "missing_lines": [], "excluded_lines": []}}, "classes": {"": {"executed_lines": [1, 8, 9], "summary": {"covered_lines": 2, "num_statements": 2, "percent_covered": 100.0, "percent_covered_display": "100", "missing_lines": 0, "excluded_lines": 0}, "missing_lines": [], "excluded_lines": []}}}, "src/aggregators/__init__.py": {"executed_lines": [1, 10, 12], "summary": {"covered_lines": 2, "num_statements": 2, "percent_covered": 100.0, "percent_covered_display": "100", "missing_lines": 0, "excluded_lines": 0}, "missing_lines": [], "excluded_lines": [], "functions": {"": {"executed_lines": [1, 10, 12], "summary": {"covered_lines": 2, "num_statements": 2, "percent_covered": 100.0, "percent_covered_display": "100", "missing_lines": 0, "excluded_lines": 0}, "missing_lines": [], "excluded_lines": []}}, "classes": {"": {"executed_lines": [1, 10, 12], "summary": {"covered_lines": 2, "num_statements": 2, "percent_covered": 100.0, "percent_covered_display": "100", "missing_lines": 0, "excluded_lines": 0}, "missing_lines": [], "excluded_lines": []}}}, "src/aggregators/basic_stats.py": {"executed_lines": [1, 11, 12, 13, 14, 15, 16, 17, 18, 19, 20, 21, 23, 26, 27, 28, 29, 30, 31, 32, 33, 35, 45, 46, 51, 52, 54, 64, 65, 68, 69, 73, 79, 83, 85, 86, 87, 88, 89, 91, 101, 151, 153, 163, 165, 166, 167, 168, 169, 170, 171, 173, 175, 176, 178, 180, 181, 183, 193, 195, 198, 199, 201, 202, 204, 206, 209, 211, 217, 261, 262, 267, 274, 275, 276, 279, 281, 283, 284, 286, 288, 289, 291, 292, 293, 294, 295, 297, 301, 316, 317, 318, 320, 322, 337, 341, 342, 350, 360, 364, 365, 366, 368, 371, 375, 390, 405, 406, 408, 409, 412, 415, 416, 417, 418, 419, 421, 424, 426, 435, 445, 449, 450, 451, 453, 454, 456, 457, 458, 459, 460, 461, 463, 465, 475, 478, 483, 484, 486, 487, 488, 489, 491, 492, 493, 494, 496, 497, 499, 500, 508, 510, 512, 524, 525, 526, 527, 528, 531, 532, 534, 535, 536, 538, 539, 542, 543, 544, 545, 548, 550, 558, 560, 570, 574, 577, 579, 589, 601, 602, 605, 606, 607, 608, 609, 611, 612, 614, 619, 626, 637, 639, 646, 656, 658, 669, 671, 681, 685, 687, 688, 689, 691, 693, 694, 695, 697, 699, 700, 704, 707, 712, 714, 722, 733, 744, 754, 765, 767, 769, 770, 771, 772, 773, 776, 777, 778, 783, 785, 804, 826, 833, 835, 839, 846, 847, 848, 849, 850, 853, 854, 856, 858, 860, 861, 864, 866, 867, 868, 869, 875, 877, 880, 883, 884, 885, 886, 889, 891, 893, 895, 899, 900, 901, 902, 903, 911, 915, 918, 919, 920, 921, 924, 925, 927, 928, 939, 940, 942, 952, 954, 958, 959, 961, 963, 964, 966, 969, 970, 972, 974, 976, 977, 978, 981, 982, 983, 985, 992, 1009, 1011, 1025, 1026, 1031, 1037, 1094, 1129, 1152, 1180, 1207, 1226, 1263, 1312, 1325, 1352, 1373, 1386, 1409], "summary": {"covered_lines": 313, "num_statements": 589, "percent_covered": 53.140916808149406, "percent_covered_display": "53", "missing_lines": 276, "excluded_lines": 0}, "missing_lines": [36, 111, 118, 119, 120, 121, 122, 123, 125, 126, 127, 130, 131, 132, 133, 136, 140, 148, 149, 179, 184, 185, 187, 188, 189, 191, 196, 207, 234, 235, 238, 241, 244, 245, 246, 247, 249, 252, 258, 298, 299, 338, 343, 344, 345, 346, 348, 361, 446, 476, 571, 572, 716, 724, 735, 746, 756, 757, 758, 759, 761, 787, 789, 790, 791, 792, 793, 795, 796, 797, 802, 807, 809, 810, 811, 813, 814, 815, 817, 818, 819, 824, 836, 870, 871, 873, 896, 904, 905, 906, 907, 908, 909, 912, 929, 930, 931, 932, 933, 934, 936, 950, 994, 1033, 1034, 1035, 1049, 1050, 1053, 1069, 1070, 1071, 1072, 1075, 1076, 1077, 1078, 1081, 1082, 1083, 1084, 1087, 1090, 1092, 1106, 1109, 1110, 1111, 1112, 1113, 1116, 1141, 1154, 1155, 1157, 1158, 1159, 1162, 1163, 1164, 1165, 1168, 1169, 1170, 1171, 1172, 1173, 1174, 1175, 1176, 1178, 1182, 1183, 1185, 1186, 1189, 1190, 1191, 1193, 1194, 1195, 1196, 1197, 1198, 1199, 1200, 1201, 1202, 1203, 1205, 1209, 1210, 1212, 1213, 1216, 1217, 1218, 1219, 1220, 1221, 1222, 1224, 1228, 1230, 1232, 1235, 1236, 1237, 1240, 1241, 1242, 1243, 1244, 1246, 1247, 1249, 1250, 1251, 1252, 1254, 1256, 1265, 1267, 1269, 1270, 1271, 1272, 1273, 1274, 1275, 1277, 1278, 1279, 1281, 1283, 1284, 1285, 1286, 1287, 1288, 1289, 1290, 1291, 1292, 1295, 1296, 1297, 1298, 1299, 1300, 1301, 1303, 1305, 1314, 1315, 1317, 1327, 1329, 1330, 1331, 1334, 1335, 1338, 1339, 1340, 1343, 1344, 1347, 1348, 1350, 1354, 1355, 1356, 1358, 1365, 1367, 1375, 1376, 1377, 1379, 1388, 1390, 1391, 1392, 1394, 1395, 1396, 1397, 1399, 1401, 1403, 1411, 1412, 1413, 1416, 1417], "excluded_lines": [], "functions": {"ActivityMetrics.to_dict": {"executed_lines": [], "summary": {"covered_lines": 0, "num_statements": 1, "percent_covered": 0.0, "percent_covered_display": "0", "missing_lines": 1, "excluded_lines": 0}, "missing_lines": [36], "excluded_lines": []}, "MessageStatsCalculator.__init__": {"executed_lines": [52], "summary": {"covered_lines": 1, "num_statements": 1, "percent_covered": 100.0, "percent_covered_display": "100", "missing_lines": 0, "excluded_lines": 0}, "missing_lines": [], "excluded_lines": []}, "MessageStatsCalculator.calculate_volume_stats": {"executed_lines": [64, 65, 68, 69, 73, 79, 83, 85, 86, 87, 88, 89, 91], "summary": {"covered_lines": 13, "num_statements": 13, "percent_covered": 100.0, "percent_covered_display": "100", "missing_lines": 0, "excluded_lines": 0}, "missing_lines": [], "excluded_lines": []}, "MessageStatsCalculator.calculate_channel_rankings": {"executed_lines": [], "summary": {"covered_lines": 0, "num_statements": 18, "percent_covered": 0.0, "percent_covered_display": "0", "missing_lines": 18, "excluded_lines": 0}, "missing_lines": [111, 118, 119, 120, 121, 122, 123, 125, 126, 127, 130, 131, 132, 133, 136, 140, 148, 149], "excluded_lines": []}, "MessageStatsCalculator._empty_volume_stats": {"executed_lines": [153], "summary": {"covered_lines": 1, "num_statements": 1, "percent_covered": 100.0, "percent_covered_display": "100", "missing_lines": 0, "excluded_lines": 0}, "missing_lines": [], "excluded_lines": []}, "MessageStatsCalculator._count_by_field": {"executed_lines": [165, 166, 167, 168, 169, 170, 171], "summary": {"covered_lines": 7, "num_statements": 7, "percent_covered": 100.0, "percent_covered_display": "100", "missing_lines": 0, "excluded_lines": 0}, "missing_lines": [], "excluded_lines": []}, "MessageStatsCalculator._parse_timestamp": {"executed_lines": [175, 176, 178, 180, 181, 183], "summary": {"covered_lines": 6, "num_statements": 13, "percent_covered": 46.15384615384615, "percent_covered_display": "46", "missing_lines": 7, "excluded_lines": 0}, "missing_lines": [179, 184, 185, 187, 188, 189, 191], "excluded_lines": []}, "MessageStatsCalculator._calculate_time_span_hours": {"executed_lines": [195, 198, 199, 201, 202], "summary": {"covered_lines": 5, "num_statements": 6, "percent_covered": 83.33333333333333, "percent_covered_display": "83", "missing_lines": 1, "excluded_lines": 0}, "missing_lines": [196], "excluded_lines": []}, "MessageStatsCalculator._analyze_temporal_distribution": {"executed_lines": [206, 209, 211], "summary": {"covered_lines": 3, "num_statements": 4, "percent_covered": 75.0, "percent_covered_display": "75", "missing_lines": 1, "excluded_lines": 0}, "missing_lines": [207], "excluded_lines": []}, "MessageStatsCalculator._calculate_activity_score": {"executed_lines": [], "summary": {"covered_lines": 0, "num_statements": 11, "percent_covered": 0.0, "percent_covered_display": "0", "missing_lines": 11, "excluded_lines": 0}, "missing_lines": [234, 235, 238, 241, 244, 245, 246, 247, 249, 252, 258], "excluded_lines": []}, "ActivityAnalyzer.__init__": {"executed_lines": [274, 275, 276, 279], "summary": {"covered_lines": 4, "num_statements": 4, "percent_covered": 100.0, "percent_covered_display": "100", "missing_lines": 0, "excluded_lines": 0}, "missing_lines": [], "excluded_lines": []}, "ActivityAnalyzer._get_default_db_path": {"executed_lines": [283, 284], "summary": {"covered_lines": 2, "num_statements": 2, "percent_covered": 100.0, "percent_covered_display": "100", "missing_lines": 0, "excluded_lines": 0}, "missing_lines": [], "excluded_lines": []}, "ActivityAnalyzer._init_database_connection": {"executed_lines": [288, 289, 291, 292, 293, 294, 295, 297], "summary": {"covered_lines": 8, "num_statements": 10, "percent_covered": 80.0, "percent_covered_display": "80", "missing_lines": 2, "excluded_lines": 0}, "missing_lines": [298, 299], "excluded_lines": []}, "ActivityAnalyzer.calculate_message_stats": {"executed_lines": [316, 317, 318, 320], "summary": {"covered_lines": 4, "num_statements": 4, "percent_covered": 100.0, "percent_covered_display": "100", "missing_lines": 0, "excluded_lines": 0}, "missing_lines": [], "excluded_lines": []}, "ActivityAnalyzer.analyze_temporal_patterns": {"executed_lines": [337, 341, 342], "summary": {"covered_lines": 3, "num_statements": 9, "percent_covered": 33.333333333333336, "percent_covered_display": "33", "missing_lines": 6, "excluded_lines": 0}, "missing_lines": [338, 343, 344, 345, 346, 348], "excluded_lines": []}, "ActivityAnalyzer.calculate_cross_source_activity": {"executed_lines": [360, 364, 365, 366, 368, 371, 375], "summary": {"covered_lines": 7, "num_statements": 8, "percent_covered": 87.5, "percent_covered_display": "88", "missing_lines": 1, "excluded_lines": 0}, "missing_lines": [361], "excluded_lines": []}, "ActivityAnalyzer.analyze_meeting_patterns": {"executed_lines": [405, 406, 408, 409, 412, 415, 416, 417, 418, 419, 421, 424, 426], "summary": {"covered_lines": 13, "num_statements": 13, "percent_covered": 100.0, "percent_covered_display": "100", "missing_lines": 0, "excluded_lines": 0}, "missing_lines": [], "excluded_lines": []}, "ActivityAnalyzer.detect_recurring_patterns": {"executed_lines": [445, 449, 450, 451, 453, 454, 456, 457, 458, 459, 460, 461, 463], "summary": {"covered_lines": 13, "num_statements": 14, "percent_covered": 92.85714285714286, "percent_covered_display": "93", "missing_lines": 1, "excluded_lines": 0}, "missing_lines": [446], "excluded_lines": []}, "ActivityAnalyzer.calculate_resource_utilization": {"executed_lines": [475, 478, 483, 484, 486, 487, 488, 489, 491, 492, 493, 494, 496, 497, 499, 500, 508, 510], "summary": {"covered_lines": 18, "num_statements": 19, "percent_covered": 94.73684210526316, "percent_covered_display": "95", "missing_lines": 1, "excluded_lines": 0}, "missing_lines": [476], "excluded_lines": []}, "ActivityAnalyzer.generate_daily_timeline": {"executed_lines": [524, 525, 526, 527, 528, 531, 532, 534, 535, 536, 538, 539, 542, 543, 544, 545, 548, 550, 558], "summary": {"covered_lines": 19, "num_statements": 19, "percent_covered": 100.0, "percent_covered_display": "100", "missing_lines": 0, "excluded_lines": 0}, "missing_lines": [], "excluded_lines": []}, "ActivityAnalyzer.generate_weekly_summary": {"executed_lines": [570, 574, 577, 579], "summary": {"covered_lines": 4, "num_statements": 6, "percent_covered": 66.66666666666667, "percent_covered_display": "67", "missing_lines": 2, "excluded_lines": 0}, "missing_lines": [571, 572], "excluded_lines": []}, "ActivityAnalyzer.compare_periods": {"executed_lines": [601, 602, 605, 606, 607, 608, 609, 611, 612, 614, 619], "summary": {"covered_lines": 11, "num_statements": 11, "percent_covered": 100.0, "percent_covered_display": "100", "missing_lines": 0, "excluded_lines": 0}, "missing_lines": [], "excluded_lines": []}, "ActivityAnalyzer.get_message_stats": {"executed_lines": [637, 639], "summary": {"covered_lines": 2, "num_statements": 2, "percent_covered": 100.0, "percent_covered_display": "100", "missing_lines": 0, "excluded_lines": 0}, "missing_lines": [], "excluded_lines": []}, "ActivityAnalyzer.get_channel_rankings": {"executed_lines": [656], "summary": {"covered_lines": 1, "num_statements": 1, "percent_covered": 100.0, "percent_covered_display": "100", "missing_lines": 0, "excluded_lines": 0}, "missing_lines": [], "excluded_lines": []}, "ActivityAnalyzer.get_person_activity": {"executed_lines": [669], "summary": {"covered_lines": 1, "num_statements": 1, "percent_covered": 100.0, "percent_covered_display": "100", "missing_lines": 0, "excluded_lines": 0}, "missing_lines": [], "excluded_lines": []}, "ActivityAnalyzer.calculate_productivity_indicators": {"executed_lines": [681], "summary": {"covered_lines": 1, "num_statements": 1, "percent_covered": 100.0, "percent_covered_display": "100", "missing_lines": 0, "excluded_lines": 0}, "missing_lines": [], "excluded_lines": []}, "ActivityAnalyzer._calculate_growth_rate": {"executed_lines": [687, 688, 689], "summary": {"covered_lines": 3, "num_statements": 3, "percent_covered": 100.0, "percent_covered_display": "100", "missing_lines": 0, "excluded_lines": 0}, "missing_lines": [], "excluded_lines": []}, "ActivityAnalyzer._calculate_average": {"executed_lines": [693, 694, 695], "summary": {"covered_lines": 3, "num_statements": 3, "percent_covered": 100.0, "percent_covered_display": "100", "missing_lines": 0, "excluded_lines": 0}, "missing_lines": [], "excluded_lines": []}, "ActivityAnalyzer._calculate_duration_minutes": {"executed_lines": [699, 700], "summary": {"covered_lines": 2, "num_statements": 2, "percent_covered": 100.0, "percent_covered_display": "100", "missing_lines": 0, "excluded_lines": 0}, "missing_lines": [], "excluded_lines": []}, "ActivityAnalyzer._query_period_stats": {"executed_lines": [707, 712], "summary": {"covered_lines": 2, "num_statements": 2, "percent_covered": 100.0, "percent_covered_display": "100", "missing_lines": 0, "excluded_lines": 0}, "missing_lines": [], "excluded_lines": []}, "ActivityAnalyzer._query_channel_stats": {"executed_lines": [], "summary": {"covered_lines": 0, "num_statements": 1, "percent_covered": 0.0, "percent_covered_display": "0", "missing_lines": 1, "excluded_lines": 0}, "missing_lines": [716], "excluded_lines": []}, "ActivityAnalyzer._query_person_stats": {"executed_lines": [], "summary": {"covered_lines": 0, "num_statements": 1, "percent_covered": 0.0, "percent_covered_display": "0", "missing_lines": 1, "excluded_lines": 0}, "missing_lines": [724], "excluded_lines": []}, "ActivityAnalyzer._calculate_productivity_metrics": {"executed_lines": [], "summary": {"covered_lines": 0, "num_statements": 1, "percent_covered": 0.0, "percent_covered_display": "0", "missing_lines": 1, "excluded_lines": 0}, "missing_lines": [735], "excluded_lines": []}, "ActivityAnalyzer._query_weekly_data": {"executed_lines": [], "summary": {"covered_lines": 0, "num_statements": 1, "percent_covered": 0.0, "percent_covered_display": "0", "missing_lines": 1, "excluded_lines": 0}, "missing_lines": [746], "excluded_lines": []}, "ActivityAnalyzer._get_period_stats": {"executed_lines": [], "summary": {"covered_lines": 0, "num_statements": 5, "percent_covered": 0.0, "percent_covered_display": "0", "missing_lines": 5, "excluded_lines": 0}, "missing_lines": [756, 757, 758, 759, 761], "excluded_lines": []}, "ActivityAnalyzer._analyze_daily_patterns": {"executed_lines": [767, 769, 770, 771, 772, 773, 776, 777, 778, 783], "summary": {"covered_lines": 10, "num_statements": 10, "percent_covered": 100.0, "percent_covered_display": "100", "missing_lines": 0, "excluded_lines": 0}, "missing_lines": [], "excluded_lines": []}, "ActivityAnalyzer._analyze_hourly_patterns": {"executed_lines": [], "summary": {"covered_lines": 0, "num_statements": 10, "percent_covered": 0.0, "percent_covered_display": "0", "missing_lines": 10, "excluded_lines": 0}, "missing_lines": [787, 789, 790, 791, 792, 793, 795, 796, 797, 802], "excluded_lines": []}, "ActivityAnalyzer._analyze_weekly_patterns": {"executed_lines": [], "summary": {"covered_lines": 0, "num_statements": 11, "percent_covered": 0.0, "percent_covered_display": "0", "missing_lines": 11, "excluded_lines": 0}, "missing_lines": [807, 809, 810, 811, 813, 814, 815, 817, 818, 819, 824], "excluded_lines": []}, "ActivityAnalyzer._calculate_collaboration_score": {"executed_lines": [833, 835, 839, 846, 847, 848, 849, 850, 853, 854], "summary": {"covered_lines": 10, "num_statements": 11, "percent_covered": 90.9090909090909, "percent_covered_display": "91", "missing_lines": 1, "excluded_lines": 0}, "missing_lines": [836], "excluded_lines": []}, "ActivityAnalyzer._categorize_meetings": {"executed_lines": [858, 860, 861, 864, 866, 867, 868, 869, 875], "summary": {"covered_lines": 9, "num_statements": 12, "percent_covered": 75.0, "percent_covered_display": "75", "missing_lines": 3, "excluded_lines": 0}, "missing_lines": [870, 871, 873], "excluded_lines": []}, "ActivityAnalyzer._normalize_meeting_title": {"executed_lines": [880, 883, 884, 885, 886, 889, 891], "summary": {"covered_lines": 7, "num_statements": 7, "percent_covered": 100.0, "percent_covered_display": "100", "missing_lines": 0, "excluded_lines": 0}, "missing_lines": [], "excluded_lines": []}, "ActivityAnalyzer._analyze_meeting_recurrence": {"executed_lines": [895, 899, 900, 901, 902, 903, 911, 915, 918, 919, 920, 921, 924, 925, 927, 928, 939, 940, 942], "summary": {"covered_lines": 19, "num_statements": 35, "percent_covered": 54.285714285714285, "percent_covered_display": "54", "missing_lines": 16, "excluded_lines": 0}, "missing_lines": [896, 904, 905, 906, 907, 908, 909, 912, 929, 930, 931, 932, 933, 934, 936, 950], "excluded_lines": []}, "ActivityAnalyzer._is_virtual_location": {"executed_lines": [954, 958, 959], "summary": {"covered_lines": 3, "num_statements": 3, "percent_covered": 100.0, "percent_covered_display": "100", "missing_lines": 0, "excluded_lines": 0}, "missing_lines": [], "excluded_lines": []}, "ActivityAnalyzer._calculate_daily_productivity_score": {"executed_lines": [963, 964, 966, 969, 970, 972], "summary": {"covered_lines": 6, "num_statements": 6, "percent_covered": 100.0, "percent_covered_display": "100", "missing_lines": 0, "excluded_lines": 0}, "missing_lines": [], "excluded_lines": []}, "ActivityAnalyzer._calculate_weekly_productivity_score": {"executed_lines": [976, 977, 978, 981, 982, 983, 985], "summary": {"covered_lines": 7, "num_statements": 7, "percent_covered": 100.0, "percent_covered_display": "100", "missing_lines": 0, "excluded_lines": 0}, "missing_lines": [], "excluded_lines": []}, "ActivityAnalyzer._empty_cross_source_stats": {"executed_lines": [], "summary": {"covered_lines": 0, "num_statements": 1, "percent_covered": 0.0, "percent_covered_display": "0", "missing_lines": 1, "excluded_lines": 0}, "missing_lines": [994], "excluded_lines": []}, "ActivityAnalyzer._empty_meeting_stats": {"executed_lines": [1011], "summary": {"covered_lines": 1, "num_statements": 1, "percent_covered": 100.0, "percent_covered_display": "100", "missing_lines": 0, "excluded_lines": 0}, "missing_lines": [], "excluded_lines": []}, "ActivityAnalyzerImpl.__init__": {"executed_lines": [], "summary": {"covered_lines": 0, "num_statements": 3, "percent_covered": 0.0, "percent_covered_display": "0", "missing_lines": 3, "excluded_lines": 0}, "missing_lines": [1033, 1034, 1035], "excluded_lines": []}, "ActivityAnalyzerImpl.generate_daily_summary": {"executed_lines": [], "summary": {"covered_lines": 0, "num_statements": 18, "percent_covered": 0.0, "percent_covered_display": "0", "missing_lines": 18, "excluded_lines": 0}, "missing_lines": [1049, 1050, 1053, 1069, 1070, 1071, 1072, 1075, 1076, 1077, 1078, 1081, 1082, 1083, 1084, 1087, 1090, 1092], "excluded_lines": []}, "ActivityAnalyzerImpl.generate_weekly_summary": {"executed_lines": [], "summary": {"covered_lines": 0, "num_statements": 7, "percent_covered": 0.0, "percent_covered_display": "0", "missing_lines": 7, "excluded_lines": 0}, "missing_lines": [1106, 1109, 1110, 1111, 1112, 1113, 1116], "excluded_lines": []}, "ActivityAnalyzerImpl.get_statistics": {"executed_lines": [], "summary": {"covered_lines": 0, "num_statements": 1, "percent_covered": 0.0, "percent_covered_display": "0", "missing_lines": 1, "excluded_lines": 0}, "missing_lines": [1141], "excluded_lines": []}, "ActivityAnalyzerImpl._load_slack_data": {"executed_lines": [], "summary": {"covered_lines": 0, "num_statements": 19, "percent_covered": 0.0, "percent_covered_display": "0", "missing_lines": 19, "excluded_lines": 0}, "missing_lines": [1154, 1155, 1157, 1158, 1159, 1162, 1163, 1164, 1165, 1168, 1169, 1170, 1171, 1172, 1173, 1174, 1175, 1176, 1178], "excluded_lines": []}, "ActivityAnalyzerImpl._load_calendar_data": {"executed_lines": [], "summary": {"covered_lines": 0, "num_statements": 19, "percent_covered": 0.0, "percent_covered_display": "0", "missing_lines": 19, "excluded_lines": 0}, "missing_lines": [1182, 1183, 1185, 1186, 1189, 1190, 1191, 1193, 1194, 1195, 1196, 1197, 1198, 1199, 1200, 1201, 1202, 1203, 1205], "excluded_lines": []}, "ActivityAnalyzerImpl._load_drive_data": {"executed_lines": [], "summary": {"covered_lines": 0, "num_statements": 12, "percent_covered": 0.0, "percent_covered_display": "0", "missing_lines": 12, "excluded_lines": 0}, "missing_lines": [1209, 1210, 1212, 1213, 1216, 1217, 1218, 1219, 1220, 1221, 1222, 1224], "excluded_lines": []}, "ActivityAnalyzerImpl._analyze_slack_activity": {"executed_lines": [], "summary": {"covered_lines": 0, "num_statements": 19, "percent_covered": 0.0, "percent_covered_display": "0", "missing_lines": 19, "excluded_lines": 0}, "missing_lines": [1228, 1230, 1232, 1235, 1236, 1237, 1240, 1241, 1242, 1243, 1244, 1246, 1247, 1249, 1250, 1251, 1252, 1254, 1256], "excluded_lines": []}, "ActivityAnalyzerImpl._analyze_calendar_activity": {"executed_lines": [], "summary": {"covered_lines": 0, "num_statements": 32, "percent_covered": 0.0, "percent_covered_display": "0", "missing_lines": 32, "excluded_lines": 0}, "missing_lines": [1265, 1267, 1269, 1270, 1271, 1272, 1273, 1274, 1275, 1277, 1278, 1279, 1281, 1283, 1284, 1285, 1286, 1287, 1288, 1289, 1290, 1291, 1292, 1295, 1296, 1297, 1298, 1299, 1300, 1301, 1303, 1305], "excluded_lines": []}, "ActivityAnalyzerImpl._analyze_drive_activity": {"executed_lines": [], "summary": {"covered_lines": 0, "num_statements": 3, "percent_covered": 0.0, "percent_covered_display": "0", "missing_lines": 3, "excluded_lines": 0}, "missing_lines": [1314, 1315, 1317], "excluded_lines": []}, "ActivityAnalyzerImpl._generate_highlights": {"executed_lines": [], "summary": {"covered_lines": 0, "num_statements": 14, "percent_covered": 0.0, "percent_covered_display": "0", "missing_lines": 14, "excluded_lines": 0}, "missing_lines": [1327, 1329, 1330, 1331, 1334, 1335, 1338, 1339, 1340, 1343, 1344, 1347, 1348, 1350], "excluded_lines": []}, "ActivityAnalyzerImpl._calculate_daily_statistics": {"executed_lines": [], "summary": {"covered_lines": 0, "num_statements": 6, "percent_covered": 0.0, "percent_covered_display": "0", "missing_lines": 6, "excluded_lines": 0}, "missing_lines": [1354, 1355, 1356, 1358, 1365, 1367], "excluded_lines": []}, "ActivityAnalyzerImpl._aggregate_weekly_stats": {"executed_lines": [], "summary": {"covered_lines": 0, "num_statements": 4, "percent_covered": 0.0, "percent_covered_display": "0", "missing_lines": 4, "excluded_lines": 0}, "missing_lines": [1375, 1376, 1377, 1379], "excluded_lines": []}, "ActivityAnalyzerImpl._analyze_weekly_trends": {"executed_lines": [], "summary": {"covered_lines": 0, "num_statements": 11, "percent_covered": 0.0, "percent_covered_display": "0", "missing_lines": 11, "excluded_lines": 0}, "missing_lines": [1388, 1390, 1391, 1392, 1394, 1395, 1396, 1397, 1399, 1401, 1403], "excluded_lines": []}, "ActivityAnalyzerImpl._extract_weekly_achievements": {"executed_lines": [], "summary": {"covered_lines": 0, "num_statements": 5, "percent_covered": 0.0, "percent_covered_display": "0", "missing_lines": 5, "excluded_lines": 0}, "missing_lines": [1411, 1412, 1413, 1416, 1417], "excluded_lines": []}, "": {"executed_lines": [1, 11, 12, 13, 14, 15, 16, 17, 18, 19, 20, 21, 23, 26, 27, 28, 29, 30, 31, 32, 33, 35, 45, 46, 51, 54, 101, 151, 163, 173, 193, 204, 217, 261, 262, 267, 281, 286, 301, 322, 350, 390, 435, 465, 512, 560, 589, 626, 646, 658, 671, 685, 691, 697, 704, 714, 722, 733, 744, 754, 765, 785, 804, 826, 856, 877, 893, 952, 961, 974, 992, 1009, 1025, 1026, 1031, 1037, 1094, 1129, 1152, 1180, 1207, 1226, 1263, 1312, 1325, 1352, 1373, 1386, 1409], "summary": {"covered_lines": 84, "num_statements": 84, "percent_covered": 100.0, "percent_covered_display": "100", "missing_lines": 0, "excluded_lines": 0}, "missing_lines": [], "excluded_lines": []}}, "classes": {"ActivityMetrics": {"executed_lines": [], "summary": {"covered_lines": 0, "num_statements": 1, "percent_covered": 0.0, "percent_covered_display": "0", "missing_lines": 1, "excluded_lines": 0}, "missing_lines": [36], "excluded_lines": []}, "MessageStatsCalculator": {"executed_lines": [52, 64, 65, 68, 69, 73, 79, 83, 85, 86, 87, 88, 89, 91, 153, 165, 166, 167, 168, 169, 170, 171, 175, 176, 178, 180, 181, 183, 195, 198, 199, 201, 202, 206, 209, 211], "summary": {"covered_lines": 36, "num_statements": 74, "percent_covered": 48.648648648648646, "percent_covered_display": "49", "missing_lines": 38, "excluded_lines": 0}, "missing_lines": [111, 118, 119, 120, 121, 122, 123, 125, 126, 127, 130, 131, 132, 133, 136, 140, 148, 149, 179, 184, 185, 187, 188, 189, 191, 196, 207, 234, 235, 238, 241, 244, 245, 246, 247, 249, 252, 258], "excluded_lines": []}, "ActivityAnalyzer": {"executed_lines": [274, 275, 276, 279, 283, 284, 288, 289, 291, 292, 293, 294, 295, 297, 316, 317, 318, 320, 337, 341, 342, 360, 364, 365, 366, 368, 371, 375, 405, 406, 408, 409, 412, 415, 416, 417, 418, 419, 421, 424, 426, 445, 449, 450, 451, 453, 454, 456, 457, 458, 459, 460, 461, 463, 475, 478, 483, 484, 486, 487, 488, 489, 491, 492, 493, 494, 496, 497, 499, 500, 508, 510, 524, 525, 526, 527, 528, 531, 532, 534, 535, 536, 538, 539, 542, 543, 544, 545, 548, 550, 558, 570, 574, 577, 579, 601, 602, 605, 606, 607, 608, 609, 611, 612, 614, 619, 637, 639, 656, 669, 681, 687, 688, 689, 693, 694, 695, 699, 700, 707, 712, 767, 769, 770, 771, 772, 773, 776, 777, 778, 783, 833, 835, 839, 846, 847, 848, 849, 850, 853, 854, 858, 860, 861, 864, 866, 867, 868, 869, 875, 880, 883, 884, 885, 886, 889, 891, 895, 899, 900, 901, 902, 903, 911, 915, 918, 919, 920, 921, 924, 925, 927, 928, 939, 940, 942, 954, 958, 959, 963, 964, 966, 969, 970, 972, 976, 977, 978, 981, 982, 983, 985, 1011], "summary": {"covered_lines": 193, "num_statements": 257, "percent_covered": 75.09727626459144, "percent_covered_display": "75", "missing_lines": 64, "excluded_lines": 0}, "missing_lines": [298, 299, 338, 343, 344, 345, 346, 348, 361, 446, 476, 571, 572, 716, 724, 735, 746, 756, 757, 758, 759, 761, 787, 789, 790, 791, 792, 793, 795, 796, 797, 802, 807, 809, 810, 811, 813, 814, 815, 817, 818, 819, 824, 836, 870, 871, 873, 896, 904, 905, 906, 907, 908, 909, 912, 929, 930, 931, 932, 933, 934, 936, 950, 994], "excluded_lines": []}, "ActivityAnalyzerImpl": {"executed_lines": [], "summary": {"covered_lines": 0, "num_statements": 173, "percent_covered": 0.0, "percent_covered_display": "0", "missing_lines": 173, "excluded_lines": 0}, "missing_lines": [1033, 1034, 1035, 1049, 1050, 1053, 1069, 1070, 1071, 1072, 1075, 1076, 1077, 1078, 1081, 1082, 1083, 1084, 1087, 1090, 1092, 1106, 1109, 1110, 1111, 1112, 1113, 1116, 1141, 1154, 1155, 1157, 1158, 1159, 1162, 1163, 1164, 1165, 1168, 1169, 1170, 1171, 1172, 1173, 1174, 1175, 1176, 1178, 1182, 1183, 1185, 1186, 1189, 1190, 1191, 1193, 1194, 1195, 1196, 1197, 1198, 1199, 1200, 1201, 1202, 1203, 1205, 1209, 1210, 1212, 1213, 1216, 1217, 1218, 1219, 1220, 1221, 1222, 1224, 1228, 1230, 1232, 1235, 1236, 1237, 1240, 1241, 1242, 1243, 1244, 1246, 1247, 1249, 1250, 1251, 1252, 1254, 1256, 1265, 1267, 1269, 1270, 1271, 1272, 1273, 1274, 1275, 1277, 1278, 1279, 1281, 1283, 1284, 1285, 1286, 1287, 1288, 1289, 1290, 1291, 1292, 1295, 1296, 1297, 1298, 1299, 1300, 1301, 1303, 1305, 1314, 1315, 1317, 1327, 1329, 1330, 1331, 1334, 1335, 1338, 1339, 1340, 1343, 1344, 1347, 1348, 1350, 1354, 1355, 1356, 1358, 1365, 1367, 1375, 1376, 1377, 1379, 1388, 1390, 1391, 1392, 1394, 1395, 1396, 1397, 1399, 1401, 1403, 1411, 1412, 1413, 1416, 1417], "excluded_lines": []}, "": {"executed_lines": [1, 11, 12, 13, 14, 15, 16, 17, 18, 19, 20, 21, 23, 26, 27, 28, 29, 30, 31, 32, 33, 35, 45, 46, 51, 54, 101, 151, 163, 173, 193, 204, 217, 261, 262, 267, 281, 286, 301, 322, 350, 390, 435, 465, 512, 560, 589, 626, 646, 658, 671, 685, 691, 697, 704, 714, 722, 733, 744, 754, 765, 785, 804, 826, 856, 877, 893, 952, 961, 974, 992, 1009, 1025, 1026, 1031, 1037, 1094, 1129, 1152, 1180, 1207, 1226, 1263, 1312, 1325, 1352, 1373, 1386, 1409], "summary": {"covered_lines": 84, "num_statements": 84, "percent_covered": 100.0, "percent_covered_display": "100", "missing_lines": 0, "excluded_lines": 0}, "missing_lines": [], "excluded_lines": []}}}, "src/bot/__init__.py": {"executed_lines": [2, 24, 25, 28, 31, 32, 33, 36, 47, 70, 96, 104, 105], "summary": {"covered_lines": 12, "num_statements": 29, "percent_covered": 41.37931034482759, "percent_covered_display": "41", "missing_lines": 17, "excluded_lines": 0}, "missing_lines": [49, 72, 73, 74, 75, 76, 77, 78, 79, 81, 91, 92, 93, 98, 99, 100, 101], "excluded_lines": [], "functions": {"get_bot_info": {"executed_lines": [], "summary": {"covered_lines": 0, "num_statements": 1, "percent_covered": 0.0, "percent_covered_display": "0", "missing_lines": 1, "excluded_lines": 0}, "missing_lines": [49], "excluded_lines": []}, "_lazy_import": {"executed_lines": [], "summary": {"covered_lines": 0, "num_statements": 12, "percent_covered": 0.0, "percent_covered_display": "0", "missing_lines": 12, "excluded_lines": 0}, "missing_lines": [72, 73, 74, 75, 76, 77, 78, 79, 81, 91, 92, 93], "excluded_lines": []}, "__getattr__": {"executed_lines": [], "summary": {"covered_lines": 0, "num_statements": 4, "percent_covered": 0.0, "percent_covered_display": "0", "missing_lines": 4, "excluded_lines": 0}, "missing_lines": [98, 99, 100, 101], "excluded_lines": []}, "": {"executed_lines": [2, 24, 25, 28, 31, 32, 33, 36, 47, 70, 96, 104, 105], "summary": {"covered_lines": 12, "num_statements": 12, "percent_covered": 100.0, "percent_covered_display": "100", "missing_lines": 0, "excluded_lines": 0}, "missing_lines": [], "excluded_lines": []}}, "classes": {"": {"executed_lines": [2, 24, 25, 28, 31, 32, 33, 36, 47, 70, 96, 104, 105], "summary": {"covered_lines": 12, "num_statements": 29, "percent_covered": 41.37931034482759, "percent_covered_display": "41", "missing_lines": 17, "excluded_lines": 0}, "missing_lines": [49, 72, 73, 74, 75, 76, 77, 78, 79, 81, 91, 92, 93, 98, 99, 100, 101], "excluded_lines": []}}}, "src/bot/auth/__init__.py": {"executed_lines": [], "summary": {"covered_lines": 0, "num_statements": 1, "percent_covered": 0.0, "percent_covered_display": "0", "missing_lines": 1, "excluded_lines": 0}, "missing_lines": [8], "excluded_lines": [], "functions": {"": {"executed_lines": [], "summary": {"covered_lines": 0, "num_statements": 1, "percent_covered": 0.0, "percent_covered_display": "0", "missing_lines": 1, "excluded_lines": 0}, "missing_lines": [8], "excluded_lines": []}}, "classes": {"": {"executed_lines": [], "summary": {"covered_lines": 0, "num_statements": 1, "percent_covered": 0.0, "percent_covered_display": "0", "missing_lines": 1, "excluded_lines": 0}, "missing_lines": [8], "excluded_lines": []}}}, "src/bot/auth/oauth_handler.py": {"executed_lines": [], "summary": {"covered_lines": 0, "num_statements": 215, "percent_covered": 0.0, "percent_covered_display": "0", "missing_lines": 215, "excluded_lines": 0}, "missing_lines": [12, 13, 14, 15, 16, 17, 18, 20, 21, 22, 23, 26, 27, 28, 29, 30, 31, 32, 34, 36, 37, 39, 40, 41, 42, 43, 44, 46, 48, 50, 62, 72, 73, 74, 76, 77, 80, 81, 82, 85, 86, 89, 91, 93, 103, 105, 106, 108, 109, 111, 112, 115, 116, 117, 118, 120, 122, 127, 128, 130, 147, 148, 149, 150, 153, 154, 156, 157, 159, 160, 163, 164, 167, 174, 182, 183, 185, 187, 188, 190, 205, 206, 207, 210, 211, 212, 213, 216, 223, 224, 225, 227, 229, 230, 231, 234, 250, 253, 254, 256, 257, 259, 261, 262, 263, 264, 266, 276, 278, 279, 285, 286, 289, 290, 296, 297, 300, 301, 303, 309, 310, 311, 313, 314, 316, 317, 318, 320, 330, 332, 333, 334, 336, 337, 343, 344, 345, 346, 347, 348, 349, 350, 353, 354, 355, 356, 357, 358, 359, 360, 363, 364, 366, 368, 369, 371, 382, 383, 388, 399, 401, 402, 403, 405, 406, 407, 409, 410, 412, 422, 423, 424, 425, 426, 427, 428, 430, 440, 441, 442, 443, 444, 447, 449, 452, 453, 454, 458, 459, 460, 461, 462, 463, 466, 467, 468, 472, 473, 474, 475, 476, 477, 480, 481, 482, 484, 485, 487, 488, 489, 492, 504, 505, 507, 512], "excluded_lines": [], "functions": {"OAuthHandler.__init__": {"executed_lines": [], "summary": {"covered_lines": 0, "num_statements": 12, "percent_covered": 0.0, "percent_covered_display": "0", "missing_lines": 12, "excluded_lines": 0}, "missing_lines": [72, 73, 74, 76, 77, 80, 81, 82, 85, 86, 89, 91], "excluded_lines": []}, "OAuthHandler.get_required_scopes": {"executed_lines": [], "summary": {"covered_lines": 0, "num_statements": 15, "percent_covered": 0.0, "percent_covered_display": "0", "missing_lines": 15, "excluded_lines": 0}, "missing_lines": [103, 105, 106, 108, 109, 111, 112, 115, 116, 117, 118, 120, 122, 127, 128], "excluded_lines": []}, "OAuthHandler.generate_authorize_url": {"executed_lines": [], "summary": {"covered_lines": 0, "num_statements": 19, "percent_covered": 0.0, "percent_covered_display": "0", "missing_lines": 19, "excluded_lines": 0}, "missing_lines": [147, 148, 149, 150, 153, 154, 156, 157, 159, 160, 163, 164, 167, 174, 182, 183, 185, 187, 188], "excluded_lines": []}, "OAuthHandler.exchange_code_for_token": {"executed_lines": [], "summary": {"covered_lines": 0, "num_statements": 26, "percent_covered": 0.0, "percent_covered_display": "0", "missing_lines": 26, "excluded_lines": 0}, "missing_lines": [205, 206, 207, 210, 211, 212, 213, 216, 223, 224, 225, 227, 229, 230, 231, 234, 250, 253, 254, 256, 257, 259, 261, 262, 263, 264], "excluded_lines": []}, "OAuthHandler._store_installation": {"executed_lines": [], "summary": {"covered_lines": 0, "num_statements": 20, "percent_covered": 0.0, "percent_covered_display": "0", "missing_lines": 20, "excluded_lines": 0}, "missing_lines": [276, 278, 279, 285, 286, 289, 290, 296, 297, 300, 301, 303, 309, 310, 311, 313, 314, 316, 317, 318], "excluded_lines": []}, "OAuthHandler.validate_installation": {"executed_lines": [], "summary": {"covered_lines": 0, "num_statements": 30, "percent_covered": 0.0, "percent_covered_display": "0", "missing_lines": 30, "excluded_lines": 0}, "missing_lines": [330, 332, 333, 334, 336, 337, 343, 344, 345, 346, 347, 348, 349, 350, 353, 354, 355, 356, 357, 358, 359, 360, 363, 364, 366, 368, 369, 371, 382, 383], "excluded_lines": []}, "OAuthHandler.refresh_tokens_if_needed": {"executed_lines": [], "summary": {"covered_lines": 0, "num_statements": 9, "percent_covered": 0.0, "percent_covered_display": "0", "missing_lines": 9, "excluded_lines": 0}, "missing_lines": [399, 401, 402, 403, 405, 406, 407, 409, 410], "excluded_lines": []}, "OAuthHandler.get_installation": {"executed_lines": [], "summary": {"covered_lines": 0, "num_statements": 7, "percent_covered": 0.0, "percent_covered_display": "0", "missing_lines": 7, "excluded_lines": 0}, "missing_lines": [422, 423, 424, 425, 426, 427, 428], "excluded_lines": []}, "OAuthHandler.revoke_tokens": {"executed_lines": [], "summary": {"covered_lines": 0, "num_statements": 33, "percent_covered": 0.0, "percent_covered_display": "0", "missing_lines": 33, "excluded_lines": 0}, "missing_lines": [440, 441, 442, 443, 444, 447, 449, 452, 453, 454, 458, 459, 460, 461, 462, 463, 466, 467, 468, 472, 473, 474, 475, 476, 477, 480, 481, 482, 484, 485, 487, 488, 489], "excluded_lines": []}, "start_oauth_flow": {"executed_lines": [], "summary": {"covered_lines": 0, "num_statements": 4, "percent_covered": 0.0, "percent_covered_display": "0", "missing_lines": 4, "excluded_lines": 0}, "missing_lines": [504, 505, 507, 512], "excluded_lines": []}, "": {"executed_lines": [], "summary": {"covered_lines": 0, "num_statements": 40, "percent_covered": 0.0, "percent_covered_display": "0", "missing_lines": 40, "excluded_lines": 0}, "missing_lines": [12, 13, 14, 15, 16, 17, 18, 20, 21, 22, 23, 26, 27, 28, 29, 30, 31, 32, 34, 36, 37, 39, 40, 41, 42, 43, 44, 46, 48, 50, 62, 93, 130, 190, 266, 320, 388, 412, 430, 492], "excluded_lines": []}}, "classes": {"OAuthConfig": {"executed_lines": [], "summary": {"covered_lines": 0, "num_statements": 0, "percent_covered": 100.0, "percent_covered_display": "100", "missing_lines": 0, "excluded_lines": 0}, "missing_lines": [], "excluded_lines": []}, "OAuthError": {"executed_lines": [], "summary": {"covered_lines": 0, "num_statements": 0, "percent_covered": 100.0, "percent_covered_display": "100", "missing_lines": 0, "excluded_lines": 0}, "missing_lines": [], "excluded_lines": []}, "OAuthHandler": {"executed_lines": [], "summary": {"covered_lines": 0, "num_statements": 171, "percent_covered": 0.0, "percent_covered_display": "0", "missing_lines": 171, "excluded_lines": 0}, "missing_lines": [72, 73, 74, 76, 77, 80, 81, 82, 85, 86, 89, 91, 103, 105, 106, 108, 109, 111, 112, 115, 116, 117, 118, 120, 122, 127, 128, 147, 148, 149, 150, 153, 154, 156, 157, 159, 160, 163, 164, 167, 174, 182, 183, 185, 187, 188, 205, 206, 207, 210, 211, 212, 213, 216, 223, 224, 225, 227, 229, 230, 231, 234, 250, 253, 254, 256, 257, 259, 261, 262, 263, 264, 276, 278, 279, 285, 286, 289, 290, 296, 297, 300, 301, 303, 309, 310, 311, 313, 314, 316, 317, 318, 330, 332, 333, 334, 336, 337, 343, 344, 345, 346, 347, 348, 349, 350, 353, 354, 355, 356, 357, 358, 359, 360, 363, 364, 366, 368, 369, 371, 382, 383, 399, 401, 402, 403, 405, 406, 407, 409, 410, 422, 423, 424, 425, 426, 427, 428, 440, 441, 442, 443, 444, 447, 449, 452, 453, 454, 458, 459, 460, 461, 462, 463, 466, 467, 468, 472, 473, 474, 475, 476, 477, 480, 481, 482, 484, 485, 487, 488, 489], "excluded_lines": []}, "": {"executed_lines": [], "summary": {"covered_lines": 0, "num_statements": 44, "percent_covered": 0.0, "percent_covered_display": "0", "missing_lines": 44, "excluded_lines": 0}, "missing_lines": [12, 13, 14, 15, 16, 17, 18, 20, 21, 22, 23, 26, 27, 28, 29, 30, 31, 32, 34, 36, 37, 39, 40, 41, 42, 43, 44, 46, 48, 50, 62, 93, 130, 190, 266, 320, 388, 412, 430, 492, 504, 505, 507, 512], "excluded_lines": []}}}, "src/bot/auth/scope_validator.py": {"executed_lines": [], "summary": {"covered_lines": 0, "num_statements": 192, "percent_covered": 0.0, "percent_covered_display": "0", "missing_lines": 192, "excluded_lines": 0}, "missing_lines": [9, 10, 11, 12, 15, 16, 17, 18, 22, 23, 24, 26, 28, 30, 31, 32, 34, 35, 37, 38, 39, 40, 42, 43, 44, 46, 47, 49, 50, 51, 52, 53, 54, 56, 68, 75, 76, 77, 78, 79, 82, 83, 85, 87, 89, 90, 91, 93, 106, 107, 117, 122, 123, 124, 126, 127, 129, 130, 132, 135, 140, 149, 159, 160, 170, 172, 173, 183, 184, 186, 187, 188, 189, 191, 194, 195, 196, 197, 199, 200, 201, 202, 204, 205, 206, 207, 210, 212, 213, 215, 216, 218, 221, 223, 232, 246, 247, 257, 259, 260, 261, 263, 264, 265, 267, 268, 270, 273, 279, 288, 296, 297, 300, 302, 303, 305, 306, 308, 316, 319, 330, 331, 332, 333, 334, 341, 357, 360, 361, 363, 367, 368, 369, 371, 379, 381, 384, 385, 387, 397, 400, 402, 403, 405, 406, 408, 409, 411, 412, 415, 416, 418, 419, 421, 422, 424, 425, 427, 428, 430, 432, 434, 435, 437, 439, 440, 441, 444, 454, 455, 456, 459, 462, 464, 465, 466, 467, 469, 470, 471, 473, 475, 476, 479, 481, 484, 485, 486, 489, 491, 493, 495], "excluded_lines": [], "functions": {"ScopeRequirement.__post_init__": {"executed_lines": [], "summary": {"covered_lines": 0, "num_statements": 2, "percent_covered": 0.0, "percent_covered_display": "0", "missing_lines": 2, "excluded_lines": 0}, "missing_lines": [43, 44], "excluded_lines": []}, "ScopeValidator.__init__": {"executed_lines": [], "summary": {"covered_lines": 0, "num_statements": 8, "percent_covered": 0.0, "percent_covered_display": "0", "missing_lines": 8, "excluded_lines": 0}, "missing_lines": [75, 76, 77, 78, 79, 82, 83, 85], "excluded_lines": []}, "ScopeValidator.set_validation_level": {"executed_lines": [], "summary": {"covered_lines": 0, "num_statements": 3, "percent_covered": 0.0, "percent_covered_display": "0", "missing_lines": 3, "excluded_lines": 0}, "missing_lines": [89, 90, 91], "excluded_lines": []}, "ScopeValidator.validate_api_call": {"executed_lines": [], "summary": {"covered_lines": 0, "num_statements": 13, "percent_covered": 0.0, "percent_covered_display": "0", "missing_lines": 13, "excluded_lines": 0}, "missing_lines": [106, 107, 117, 122, 123, 124, 126, 127, 129, 130, 132, 135, 140], "excluded_lines": []}, "ScopeValidator.validate_feature_scopes": {"executed_lines": [], "summary": {"covered_lines": 0, "num_statements": 32, "percent_covered": 0.0, "percent_covered_display": "0", "missing_lines": 32, "excluded_lines": 0}, "missing_lines": [159, 160, 170, 172, 173, 183, 184, 186, 187, 188, 189, 191, 194, 195, 196, 197, 199, 200, 201, 202, 204, 205, 206, 207, 210, 212, 213, 215, 216, 218, 221, 223], "excluded_lines": []}, "ScopeValidator.validate_command_permissions": {"executed_lines": [], "summary": {"covered_lines": 0, "num_statements": 14, "percent_covered": 0.0, "percent_covered_display": "0", "missing_lines": 14, "excluded_lines": 0}, "missing_lines": [246, 247, 257, 259, 260, 261, 263, 264, 265, 267, 268, 270, 273, 279], "excluded_lines": []}, "ScopeValidator.get_comprehensive_scope_analysis": {"executed_lines": [], "summary": {"covered_lines": 0, "num_statements": 16, "percent_covered": 0.0, "percent_covered_display": "0", "missing_lines": 16, "excluded_lines": 0}, "missing_lines": [296, 297, 300, 302, 303, 305, 306, 308, 316, 319, 330, 331, 332, 333, 334, 341], "excluded_lines": []}, "ScopeValidator._get_scope_recommendations": {"executed_lines": [], "summary": {"covered_lines": 0, "num_statements": 8, "percent_covered": 0.0, "percent_covered_display": "0", "missing_lines": 8, "excluded_lines": 0}, "missing_lines": [360, 361, 363, 367, 368, 369, 371, 379], "excluded_lines": []}, "ScopeValidator._get_feature_recommendations": {"executed_lines": [], "summary": {"covered_lines": 0, "num_statements": 3, "percent_covered": 0.0, "percent_covered_display": "0", "missing_lines": 3, "excluded_lines": 0}, "missing_lines": [384, 385, 387], "excluded_lines": []}, "ScopeValidator._get_general_recommendations": {"executed_lines": [], "summary": {"covered_lines": 0, "num_statements": 20, "percent_covered": 0.0, "percent_covered_display": "0", "missing_lines": 20, "excluded_lines": 0}, "missing_lines": [400, 402, 403, 405, 406, 408, 409, 411, 412, 415, 416, 418, 419, 421, 422, 424, 425, 427, 428, 430], "excluded_lines": []}, "ScopeValidator._get_scope_description": {"executed_lines": [], "summary": {"covered_lines": 0, "num_statements": 2, "percent_covered": 0.0, "percent_covered_display": "0", "missing_lines": 2, "excluded_lines": 0}, "missing_lines": [434, 435], "excluded_lines": []}, "ScopeValidator.clear_cache": {"executed_lines": [], "summary": {"covered_lines": 0, "num_statements": 3, "percent_covered": 0.0, "percent_covered_display": "0", "missing_lines": 3, "excluded_lines": 0}, "missing_lines": [439, 440, 441], "excluded_lines": []}, "validate_scopes": {"executed_lines": [], "summary": {"covered_lines": 0, "num_statements": 2, "percent_covered": 0.0, "percent_covered_display": "0", "missing_lines": 2, "excluded_lines": 0}, "missing_lines": [454, 476], "excluded_lines": []}, "validate_scopes.decorator": {"executed_lines": [], "summary": {"covered_lines": 0, "num_statements": 2, "percent_covered": 0.0, "percent_covered_display": "0", "missing_lines": 2, "excluded_lines": 0}, "missing_lines": [455, 475], "excluded_lines": []}, "validate_scopes.decorator.wrapper": {"executed_lines": [], "summary": {"covered_lines": 0, "num_statements": 11, "percent_covered": 0.0, "percent_covered_display": "0", "missing_lines": 11, "excluded_lines": 0}, "missing_lines": [456, 459, 462, 464, 465, 466, 467, 469, 470, 471, 473], "excluded_lines": []}, "get_scope_validator": {"executed_lines": [], "summary": {"covered_lines": 0, "num_statements": 3, "percent_covered": 0.0, "percent_covered_display": "0", "missing_lines": 3, "excluded_lines": 0}, "missing_lines": [484, 485, 486], "excluded_lines": []}, "validate_api_scopes": {"executed_lines": [], "summary": {"covered_lines": 0, "num_statements": 1, "percent_covered": 0.0, "percent_covered_display": "0", "missing_lines": 1, "excluded_lines": 0}, "missing_lines": [491], "excluded_lines": []}, "validate_feature_scopes": {"executed_lines": [], "summary": {"covered_lines": 0, "num_statements": 1, "percent_covered": 0.0, "percent_covered_display": "0", "missing_lines": 1, "excluded_lines": 0}, "missing_lines": [495], "excluded_lines": []}, "": {"executed_lines": [], "summary": {"covered_lines": 0, "num_statements": 48, "percent_covered": 0.0, "percent_covered_display": "0", "missing_lines": 48, "excluded_lines": 0}, "missing_lines": [9, 10, 11, 12, 15, 16, 17, 18, 22, 23, 24, 26, 28, 30, 31, 32, 34, 35, 37, 38, 39, 40, 42, 46, 47, 49, 50, 51, 52, 53, 54, 56, 68, 87, 93, 149, 232, 288, 357, 381, 397, 432, 437, 444, 479, 481, 489, 493], "excluded_lines": []}}, "classes": {"ValidationLevel": {"executed_lines": [], "summary": {"covered_lines": 0, "num_statements": 0, "percent_covered": 100.0, "percent_covered_display": "100", "missing_lines": 0, "excluded_lines": 0}, "missing_lines": [], "excluded_lines": []}, "ScopeRequirement": {"executed_lines": [], "summary": {"covered_lines": 0, "num_statements": 2, "percent_covered": 0.0, "percent_covered_display": "0", "missing_lines": 2, "excluded_lines": 0}, "missing_lines": [43, 44], "excluded_lines": []}, "ValidationResult": {"executed_lines": [], "summary": {"covered_lines": 0, "num_statements": 0, "percent_covered": 100.0, "percent_covered_display": "100", "missing_lines": 0, "excluded_lines": 0}, "missing_lines": [], "excluded_lines": []}, "ScopeValidator": {"executed_lines": [], "summary": {"covered_lines": 0, "num_statements": 122, "percent_covered": 0.0, "percent_covered_display": "0", "missing_lines": 122, "excluded_lines": 0}, "missing_lines": [75, 76, 77, 78, 79, 82, 83, 85, 89, 90, 91, 106, 107, 117, 122, 123, 124, 126, 127, 129, 130, 132, 135, 140, 159, 160, 170, 172, 173, 183, 184, 186, 187, 188, 189, 191, 194, 195, 196, 197, 199, 200, 201, 202, 204, 205, 206, 207, 210, 212, 213, 215, 216, 218, 221, 223, 246, 247, 257, 259, 260, 261, 263, 264, 265, 267, 268, 270, 273, 279, 296, 297, 300, 302, 303, 305, 306, 308, 316, 319, 330, 331, 332, 333, 334, 341, 360, 361, 363, 367, 368, 369, 371, 379, 384, 385, 387, 400, 402, 403, 405, 406, 408, 409, 411, 412, 415, 416, 418, 419, 421, 422, 424, 425, 427, 428, 430, 434, 435, 439, 440, 441], "excluded_lines": []}, "": {"executed_lines": [], "summary": {"covered_lines": 0, "num_statements": 68, "percent_covered": 0.0, "percent_covered_display": "0", "missing_lines": 68, "excluded_lines": 0}, "missing_lines": [9, 10, 11, 12, 15, 16, 17, 18, 22, 23, 24, 26, 28, 30, 31, 32, 34, 35, 37, 38, 39, 40, 42, 46, 47, 49, 50, 51, 52, 53, 54, 56, 68, 87, 93, 149, 232, 288, 357, 381, 397, 432, 437, 444, 454, 455, 456, 459, 462, 464, 465, 466, 467, 469, 470, 471, 473, 475, 476, 479, 481, 484, 485, 486, 489, 491, 493, 495], "excluded_lines": []}}}, "src/bot/commands/__init__.py": {"executed_lines": [2, 8], "summary": {"covered_lines": 1, "num_statements": 1, "percent_covered": 100.0, "percent_covered_display": "100", "missing_lines": 0, "excluded_lines": 0}, "missing_lines": [], "excluded_lines": [], "functions": {"": {"executed_lines": [2, 8], "summary": {"covered_lines": 1, "num_statements": 1, "percent_covered": 100.0, "percent_covered_display": "100", "missing_lines": 0, "excluded_lines": 0}, "missing_lines": [], "excluded_lines": []}}, "classes": {"": {"executed_lines": [2, 8], "summary": {"covered_lines": 1, "num_statements": 1, "percent_covered": 100.0, "percent_covered_display": "100", "missing_lines": 0, "excluded_lines": 0}, "missing_lines": [], "excluded_lines": []}}}, "src/bot/commands/base_command.py": {"executed_lines": [], "summary": {"covered_lines": 0, "num_statements": 196, "percent_covered": 0.0, "percent_covered_display": "0", "missing_lines": 196, "excluded_lines": 0}, "missing_lines": [12, 13, 14, 15, 16, 17, 19, 20, 23, 24, 25, 26, 27, 28, 29, 31, 33, 35, 37, 38, 39, 41, 43, 44, 45, 47, 59, 71, 72, 73, 74, 77, 78, 79, 81, 83, 84, 97, 99, 112, 113, 114, 115, 117, 119, 120, 123, 126, 128, 130, 131, 132, 134, 135, 136, 138, 139, 140, 141, 142, 144, 146, 147, 150, 157, 169, 170, 175, 177, 178, 179, 180, 181, 183, 185, 186, 187, 188, 189, 191, 193, 194, 195, 196, 197, 199, 202, 204, 212, 214, 217, 219, 228, 230, 232, 234, 235, 237, 243, 248, 250, 251, 253, 254, 255, 256, 257, 259, 260, 262, 263, 264, 266, 271, 273, 274, 276, 277, 279, 281, 286, 288, 293, 295, 297, 298, 299, 301, 306, 322, 323, 324, 326, 327, 329, 330, 331, 332, 333, 335, 337, 338, 341, 342, 344, 345, 346, 347, 349, 350, 351, 352, 355, 356, 361, 362, 374, 375, 376, 377, 380, 385, 386, 387, 390, 393, 394, 395, 397, 398, 401, 403, 405, 407, 409, 411, 413, 415, 418, 421, 422, 424, 426, 427, 429, 431, 433, 435, 437, 439, 440, 442, 443, 444, 446, 449], "excluded_lines": [], "functions": {"CommandError.__init__": {"executed_lines": [], "summary": {"covered_lines": 0, "num_statements": 3, "percent_covered": 0.0, "percent_covered_display": "0", "missing_lines": 3, "excluded_lines": 0}, "missing_lines": [37, 38, 39], "excluded_lines": []}, "PermissionError.__init__": {"executed_lines": [], "summary": {"covered_lines": 0, "num_statements": 2, "percent_covered": 0.0, "percent_covered_display": "0", "missing_lines": 2, "excluded_lines": 0}, "missing_lines": [44, 45], "excluded_lines": []}, "BaseCommand.__init__": {"executed_lines": [], "summary": {"covered_lines": 0, "num_statements": 8, "percent_covered": 0.0, "percent_covered_display": "0", "missing_lines": 8, "excluded_lines": 0}, "missing_lines": [71, 72, 73, 74, 77, 78, 79, 81], "excluded_lines": []}, "BaseCommand.execute": {"executed_lines": [], "summary": {"covered_lines": 0, "num_statements": 1, "percent_covered": 0.0, "percent_covered_display": "0", "missing_lines": 1, "excluded_lines": 0}, "missing_lines": [97], "excluded_lines": []}, "BaseCommand.handle_command": {"executed_lines": [], "summary": {"covered_lines": 0, "num_statements": 21, "percent_covered": 0.0, "percent_covered_display": "0", "missing_lines": 21, "excluded_lines": 0}, "missing_lines": [112, 113, 114, 115, 117, 119, 120, 123, 126, 128, 130, 131, 132, 134, 135, 136, 138, 139, 140, 141, 142], "excluded_lines": []}, "BaseCommand._validate_permissions": {"executed_lines": [], "summary": {"covered_lines": 0, "num_statements": 6, "percent_covered": 0.0, "percent_covered_display": "0", "missing_lines": 6, "excluded_lines": 0}, "missing_lines": [146, 147, 150, 157, 169, 170], "excluded_lines": []}, "BaseCommand._extract_user_id": {"executed_lines": [], "summary": {"covered_lines": 0, "num_statements": 5, "percent_covered": 0.0, "percent_covered_display": "0", "missing_lines": 5, "excluded_lines": 0}, "missing_lines": [177, 178, 179, 180, 181], "excluded_lines": []}, "BaseCommand._extract_team_id": {"executed_lines": [], "summary": {"covered_lines": 0, "num_statements": 5, "percent_covered": 0.0, "percent_covered_display": "0", "missing_lines": 5, "excluded_lines": 0}, "missing_lines": [185, 186, 187, 188, 189], "excluded_lines": []}, "BaseCommand._extract_channel_id": {"executed_lines": [], "summary": {"covered_lines": 0, "num_statements": 5, "percent_covered": 0.0, "percent_covered_display": "0", "missing_lines": 5, "excluded_lines": 0}, "missing_lines": [193, 194, 195, 196, 197], "excluded_lines": []}, "BaseCommand._log_command_success": {"executed_lines": [], "summary": {"covered_lines": 0, "num_statements": 3, "percent_covered": 0.0, "percent_covered_display": "0", "missing_lines": 3, "excluded_lines": 0}, "missing_lines": [202, 204, 212], "excluded_lines": []}, "BaseCommand._log_command_error": {"executed_lines": [], "summary": {"covered_lines": 0, "num_statements": 3, "percent_covered": 0.0, "percent_covered_display": "0", "missing_lines": 3, "excluded_lines": 0}, "missing_lines": [217, 219, 228], "excluded_lines": []}, "BaseCommand._format_response": {"executed_lines": [], "summary": {"covered_lines": 0, "num_statements": 5, "percent_covered": 0.0, "percent_covered_display": "0", "missing_lines": 5, "excluded_lines": 0}, "missing_lines": [232, 234, 235, 237, 243], "excluded_lines": []}, "BaseCommand._format_permission_error": {"executed_lines": [], "summary": {"covered_lines": 0, "num_statements": 13, "percent_covered": 0.0, "percent_covered_display": "0", "missing_lines": 13, "excluded_lines": 0}, "missing_lines": [250, 251, 253, 254, 255, 256, 257, 259, 260, 262, 263, 264, 266], "excluded_lines": []}, "BaseCommand._format_command_error": {"executed_lines": [], "summary": {"covered_lines": 0, "num_statements": 6, "percent_covered": 0.0, "percent_covered_display": "0", "missing_lines": 6, "excluded_lines": 0}, "missing_lines": [273, 274, 276, 277, 279, 281], "excluded_lines": []}, "BaseCommand._format_unexpected_error": {"executed_lines": [], "summary": {"covered_lines": 0, "num_statements": 1, "percent_covered": 0.0, "percent_covered_display": "0", "missing_lines": 1, "excluded_lines": 0}, "missing_lines": [288], "excluded_lines": []}, "BaseCommand.create_help_response": {"executed_lines": [], "summary": {"covered_lines": 0, "num_statements": 5, "percent_covered": 0.0, "percent_covered_display": "0", "missing_lines": 5, "excluded_lines": 0}, "missing_lines": [295, 297, 298, 299, 301], "excluded_lines": []}, "require_permissions": {"executed_lines": [], "summary": {"covered_lines": 0, "num_statements": 3, "percent_covered": 0.0, "percent_covered_display": "0", "missing_lines": 3, "excluded_lines": 0}, "missing_lines": [322, 323, 398], "excluded_lines": []}, "require_permissions.decorator": {"executed_lines": [], "summary": {"covered_lines": 0, "num_statements": 5, "percent_covered": 0.0, "percent_covered_display": "0", "missing_lines": 5, "excluded_lines": 0}, "missing_lines": [324, 393, 394, 395, 397], "excluded_lines": []}, "require_permissions.decorator.wrapper": {"executed_lines": [], "summary": {"covered_lines": 0, "num_statements": 33, "percent_covered": 0.0, "percent_covered_display": "0", "missing_lines": 33, "excluded_lines": 0}, "missing_lines": [326, 327, 329, 330, 331, 332, 333, 335, 337, 338, 341, 342, 344, 345, 346, 347, 349, 350, 351, 352, 355, 356, 361, 362, 374, 375, 376, 377, 380, 385, 386, 387, 390], "excluded_lines": []}, "require_basic_messaging": {"executed_lines": [], "summary": {"covered_lines": 0, "num_statements": 1, "percent_covered": 0.0, "percent_covered_display": "0", "missing_lines": 1, "excluded_lines": 0}, "missing_lines": [403], "excluded_lines": []}, "require_search_access": {"executed_lines": [], "summary": {"covered_lines": 0, "num_statements": 1, "percent_covered": 0.0, "percent_covered_display": "0", "missing_lines": 1, "excluded_lines": 0}, "missing_lines": [407], "excluded_lines": []}, "require_admin_access": {"executed_lines": [], "summary": {"covered_lines": 0, "num_statements": 1, "percent_covered": 0.0, "percent_covered_display": "0", "missing_lines": 1, "excluded_lines": 0}, "missing_lines": [411], "excluded_lines": []}, "require_file_access": {"executed_lines": [], "summary": {"covered_lines": 0, "num_statements": 1, "percent_covered": 0.0, "percent_covered_display": "0", "missing_lines": 1, "excluded_lines": 0}, "missing_lines": [415], "excluded_lines": []}, "CommandRegistry.__init__": {"executed_lines": [], "summary": {"covered_lines": 0, "num_statements": 1, "percent_covered": 0.0, "percent_covered_display": "0", "missing_lines": 1, "excluded_lines": 0}, "missing_lines": [422], "excluded_lines": []}, "CommandRegistry.register": {"executed_lines": [], "summary": {"covered_lines": 0, "num_statements": 2, "percent_covered": 0.0, "percent_covered_display": "0", "missing_lines": 2, "excluded_lines": 0}, "missing_lines": [426, 427], "excluded_lines": []}, "CommandRegistry.get_command": {"executed_lines": [], "summary": {"covered_lines": 0, "num_statements": 1, "percent_covered": 0.0, "percent_covered_display": "0", "missing_lines": 1, "excluded_lines": 0}, "missing_lines": [431], "excluded_lines": []}, "CommandRegistry.list_commands": {"executed_lines": [], "summary": {"covered_lines": 0, "num_statements": 1, "percent_covered": 0.0, "percent_covered_display": "0", "missing_lines": 1, "excluded_lines": 0}, "missing_lines": [435], "excluded_lines": []}, "CommandRegistry.get_help_text": {"executed_lines": [], "summary": {"covered_lines": 0, "num_statements": 6, "percent_covered": 0.0, "percent_covered_display": "0", "missing_lines": 6, "excluded_lines": 0}, "missing_lines": [439, 440, 442, 443, 444, 446], "excluded_lines": []}, "": {"executed_lines": [], "summary": {"covered_lines": 0, "num_statements": 48, "percent_covered": 0.0, "percent_covered_display": "0", "missing_lines": 48, "excluded_lines": 0}, "missing_lines": [12, 13, 14, 15, 16, 17, 19, 20, 23, 24, 25, 26, 27, 28, 29, 31, 33, 35, 41, 43, 47, 59, 83, 84, 99, 144, 175, 183, 191, 199, 214, 230, 248, 271, 286, 293, 306, 401, 405, 409, 413, 418, 421, 424, 429, 433, 437, 449], "excluded_lines": []}}, "classes": {"CommandError": {"executed_lines": [], "summary": {"covered_lines": 0, "num_statements": 3, "percent_covered": 0.0, "percent_covered_display": "0", "missing_lines": 3, "excluded_lines": 0}, "missing_lines": [37, 38, 39], "excluded_lines": []}, "PermissionError": {"executed_lines": [], "summary": {"covered_lines": 0, "num_statements": 2, "percent_covered": 0.0, "percent_covered_display": "0", "missing_lines": 2, "excluded_lines": 0}, "missing_lines": [44, 45], "excluded_lines": []}, "BaseCommand": {"executed_lines": [], "summary": {"covered_lines": 0, "num_statements": 87, "percent_covered": 0.0, "percent_covered_display": "0", "missing_lines": 87, "excluded_lines": 0}, "missing_lines": [71, 72, 73, 74, 77, 78, 79, 81, 97, 112, 113, 114, 115, 117, 119, 120, 123, 126, 128, 130, 131, 132, 134, 135, 136, 138, 139, 140, 141, 142, 146, 147, 150, 157, 169, 170, 177, 178, 179, 180, 181, 185, 186, 187, 188, 189, 193, 194, 195, 196, 197, 202, 204, 212, 217, 219, 228, 232, 234, 235, 237, 243, 250, 251, 253, 254, 255, 256, 257, 259, 260, 262, 263, 264, 266, 273, 274, 276, 277, 279, 281, 288, 295, 297, 298, 299, 301], "excluded_lines": []}, "CommandRegistry": {"executed_lines": [], "summary": {"covered_lines": 0, "num_statements": 11, "percent_covered": 0.0, "percent_covered_display": "0", "missing_lines": 11, "excluded_lines": 0}, "missing_lines": [422, 426, 427, 431, 435, 439, 440, 442, 443, 444, 446], "excluded_lines": []}, "": {"executed_lines": [], "summary": {"covered_lines": 0, "num_statements": 93, "percent_covered": 0.0, "percent_covered_display": "0", "missing_lines": 93, "excluded_lines": 0}, "missing_lines": [12, 13, 14, 15, 16, 17, 19, 20, 23, 24, 25, 26, 27, 28, 29, 31, 33, 35, 41, 43, 47, 59, 83, 84, 99, 144, 175, 183, 191, 199, 214, 230, 248, 271, 286, 293, 306, 322, 323, 324, 326, 327, 329, 330, 331, 332, 333, 335, 337, 338, 341, 342, 344, 345, 346, 347, 349, 350, 351, 352, 355, 356, 361, 362, 374, 375, 376, 377, 380, 385, 386, 387, 390, 393, 394, 395, 397, 398, 401, 403, 405, 407, 409, 411, 413, 415, 418, 421, 424, 429, 433, 437, 449], "excluded_lines": []}}}, "src/bot/commands/brief.py": {"executed_lines": [2, 9, 10, 11, 12, 13, 16, 17, 19, 20, 22, 24, 35, 37, 40, 42, 43, 49, 50, 66, 74, 80, 81, 82, 88, 98, 99, 101, 102, 105, 108, 109, 110, 111, 112, 113, 114, 115, 117, 118, 119, 120, 121, 122, 123, 124, 126, 127, 128, 129, 130, 133, 134, 135, 136, 137, 140, 141, 142, 143, 144, 147, 148, 149, 151, 154], "summary": {"covered_lines": 64, "num_statements": 65, "percent_covered": 98.46153846153847, "percent_covered_display": "98", "missing_lines": 1, "excluded_lines": 5}, "missing_lines": [58], "excluded_lines": [154, 156, 157, 159, 160], "functions": {"execute_brief": {"executed_lines": [35, 37, 40, 42, 43, 49, 50, 66, 74, 80, 81, 82], "summary": {"covered_lines": 12, "num_statements": 13, "percent_covered": 92.3076923076923, "percent_covered_display": "92", "missing_lines": 1, "excluded_lines": 0}, "missing_lines": [58], "excluded_lines": []}, "format_brief_response": {"executed_lines": [98, 99, 101, 102, 105, 108, 109, 110, 111, 112, 113, 114, 115, 117, 118, 119, 120, 121, 122, 123, 124, 126, 127, 128, 129, 130, 133, 134, 135, 136, 137, 140, 141, 142, 143, 144, 147, 148, 149, 151], "summary": {"covered_lines": 40, "num_statements": 40, "percent_covered": 100.0, "percent_covered_display": "100", "missing_lines": 0, "excluded_lines": 0}, "missing_lines": [], "excluded_lines": []}, "": {"executed_lines": [2, 9, 10, 11, 12, 13, 16, 17, 19, 20, 22, 24, 88, 154], "summary": {"covered_lines": 12, "num_statements": 12, "percent_covered": 100.0, "percent_covered_display": "100", "missing_lines": 0, "excluded_lines": 5}, "missing_lines": [], "excluded_lines": [154, 156, 157, 159, 160]}}, "classes": {"": {"executed_lines": [2, 9, 10, 11, 12, 13, 16, 17, 19, 20, 22, 24, 35, 37, 40, 42, 43, 49, 50, 66, 74, 80, 81, 82, 88, 98, 99, 101, 102, 105, 108, 109, 110, 111, 112, 113, 114, 115, 117, 118, 119, 120, 121, 122, 123, 124, 126, 127, 128, 129, 130, 133, 134, 135, 136, 137, 140, 141, 142, 143, 144, 147, 148, 149, 151, 154], "summary": {"covered_lines": 64, "num_statements": 65, "percent_covered": 98.46153846153847, "percent_covered_display": "98", "missing_lines": 1, "excluded_lines": 5}, "missing_lines": [58], "excluded_lines": [154, 156, 157, 159, 160]}}}, "src/bot/commands/help.py": {"executed_lines": [2, 8, 9, 10, 11, 14, 15, 17, 19, 26, 60, 62, 72, 73, 74, 90, 91, 113, 115, 129, 139, 140, 143, 146], "summary": {"covered_lines": 22, "num_statements": 25, "percent_covered": 88.0, "percent_covered_display": "88", "missing_lines": 3, "excluded_lines": 10}, "missing_lines": [121, 122, 123], "excluded_lines": [146, 148, 149, 151, 152, 155, 156, 157, 158, 159], "functions": {"get_help_text": {"executed_lines": [26, 60], "summary": {"covered_lines": 2, "num_statements": 2, "percent_covered": 100.0, "percent_covered_display": "100", "missing_lines": 0, "excluded_lines": 0}, "missing_lines": [], "excluded_lines": []}, "execute_help": {"executed_lines": [72, 73, 74, 90, 91, 113, 115], "summary": {"covered_lines": 7, "num_statements": 10, "percent_covered": 70.0, "percent_covered_display": "70", "missing_lines": 3, "excluded_lines": 0}, "missing_lines": [121, 122, 123], "excluded_lines": []}, "format_help_response": {"executed_lines": [139, 140, 143], "summary": {"covered_lines": 3, "num_statements": 3, "percent_covered": 100.0, "percent_covered_display": "100", "missing_lines": 0, "excluded_lines": 0}, "missing_lines": [], "excluded_lines": []}, "": {"executed_lines": [2, 8, 9, 10, 11, 14, 15, 17, 19, 62, 129, 146], "summary": {"covered_lines": 10, "num_statements": 10, "percent_covered": 100.0, "percent_covered_display": "100", "missing_lines": 0, "excluded_lines": 10}, "missing_lines": [], "excluded_lines": [146, 148, 149, 151, 152, 155, 156, 157, 158, 159]}}, "classes": {"": {"executed_lines": [2, 8, 9, 10, 11, 14, 15, 17, 19, 26, 60, 62, 72, 73, 74, 90, 91, 113, 115, 129, 139, 140, 143, 146], "summary": {"covered_lines": 22, "num_statements": 25, "percent_covered": 88.0, "percent_covered_display": "88", "missing_lines": 3, "excluded_lines": 10}, "missing_lines": [121, 122, 123], "excluded_lines": [146, 148, 149, 151, 152, 155, 156, 157, 158, 159]}}}, "src/bot/commands/search.py": {"executed_lines": [2, 9, 10, 11, 12, 15, 16, 18, 19, 21, 23, 35, 37, 38, 39, 42, 43, 44, 50, 51, 53, 61, 68, 69, 70, 76, 86, 87, 89, 90, 91, 93, 94, 97, 98, 100, 101, 102, 105, 106, 107, 109, 112, 115], "summary": {"covered_lines": 42, "num_statements": 46, "percent_covered": 91.30434782608695, "percent_covered_display": "91", "missing_lines": 4, "excluded_lines": 5}, "missing_lines": [62, 63, 103, 110], "excluded_lines": [115, 117, 118, 120, 121], "functions": {"execute_search": {"executed_lines": [35, 37, 38, 39, 42, 43, 44, 50, 51, 53, 61, 68, 69, 70], "summary": {"covered_lines": 14, "num_statements": 16, "percent_covered": 87.5, "percent_covered_display": "88", "missing_lines": 2, "excluded_lines": 0}, "missing_lines": [62, 63], "excluded_lines": []}, "format_search_response": {"executed_lines": [86, 87, 89, 90, 91, 93, 94, 97, 98, 100, 101, 102, 105, 106, 107, 109, 112], "summary": {"covered_lines": 17, "num_statements": 19, "percent_covered": 89.47368421052632, "percent_covered_display": "89", "missing_lines": 2, "excluded_lines": 0}, "missing_lines": [103, 110], "excluded_lines": []}, "": {"executed_lines": [2, 9, 10, 11, 12, 15, 16, 18, 19, 21, 23, 76, 115], "summary": {"covered_lines": 11, "num_statements": 11, "percent_covered": 100.0, "percent_covered_display": "100", "missing_lines": 0, "excluded_lines": 5}, "missing_lines": [], "excluded_lines": [115, 117, 118, 120, 121]}}, "classes": {"": {"executed_lines": [2, 9, 10, 11, 12, 15, 16, 18, 19, 21, 23, 35, 37, 38, 39, 42, 43, 44, 50, 51, 53, 61, 68, 69, 70, 76, 86, 87, 89, 90, 91, 93, 94, 97, 98, 100, 101, 102, 105, 106, 107, 109, 112, 115], "summary": {"covered_lines": 42, "num_statements": 46, "percent_covered": 91.30434782608695, "percent_covered_display": "91", "missing_lines": 4, "excluded_lines": 5}, "missing_lines": [62, 63, 103, 110], "excluded_lines": [115, 117, 118, 120, 121]}}}, "src/bot/middleware/__init__.py": {"executed_lines": [], "summary": {"covered_lines": 0, "num_statements": 1, "percent_covered": 0.0, "percent_covered_display": "0", "missing_lines": 1, "excluded_lines": 0}, "missing_lines": [8], "excluded_lines": [], "functions": {"": {"executed_lines": [], "summary": {"covered_lines": 0, "num_statements": 1, "percent_covered": 0.0, "percent_covered_display": "0", "missing_lines": 1, "excluded_lines": 0}, "missing_lines": [8], "excluded_lines": []}}, "classes": {"": {"executed_lines": [], "summary": {"covered_lines": 0, "num_statements": 1, "percent_covered": 0.0, "percent_covered_display": "0", "missing_lines": 1, "excluded_lines": 0}, "missing_lines": [8], "excluded_lines": []}}}, "src/bot/middleware/audit_logger.py": {"executed_lines": [], "summary": {"covered_lines": 0, "num_statements": 260, "percent_covered": 0.0, "percent_covered_display": "0", "missing_lines": 260, "excluded_lines": 0}, "missing_lines": [13, 14, 15, 16, 17, 18, 19, 20, 22, 23, 25, 27, 29, 30, 31, 32, 33, 34, 35, 36, 37, 39, 41, 42, 43, 44, 46, 47, 49, 50, 51, 52, 53, 54, 55, 56, 57, 58, 59, 60, 61, 62, 63, 64, 65, 66, 68, 81, 92, 93, 94, 97, 98, 99, 100, 103, 104, 107, 108, 111, 113, 115, 128, 131, 134, 135, 138, 139, 140, 143, 145, 147, 149, 152, 154, 158, 170, 172, 175, 176, 177, 180, 181, 183, 195, 197, 201, 204, 205, 207, 208, 210, 223, 225, 229, 231, 232, 234, 235, 237, 249, 251, 255, 265, 268, 270, 273, 284, 286, 288, 301, 302, 303, 304, 306, 307, 308, 309, 311, 312, 313, 314, 317, 318, 319, 320, 321, 322, 323, 325, 327, 329, 332, 333, 336, 337, 340, 341, 343, 345, 348, 349, 357, 360, 363, 364, 372, 373, 382, 384, 385, 386, 388, 391, 393, 394, 395, 397, 399, 401, 404, 411, 412, 415, 416, 417, 419, 421, 423, 428, 429, 431, 434, 442, 443, 444, 446, 448, 450, 465, 468, 469, 470, 473, 474, 475, 478, 479, 482, 483, 486, 487, 489, 491, 492, 494, 496, 497, 499, 500, 502, 503, 505, 507, 514, 516, 517, 518, 519, 520, 521, 522, 523, 524, 526, 528, 530, 532, 538, 539, 540, 542, 543, 544, 546, 547, 549, 559, 561, 563, 564, 565, 568, 569, 570, 571, 572, 573, 574, 575, 576, 577, 580, 581, 582, 583, 584, 586, 588, 591, 593, 596, 597, 598, 601, 603, 605, 607, 609, 611], "excluded_lines": [], "functions": {"AuditLogger.__init__": {"executed_lines": [], "summary": {"covered_lines": 0, "num_statements": 13, "percent_covered": 0.0, "percent_covered_display": "0", "missing_lines": 13, "excluded_lines": 0}, "missing_lines": [92, 93, 94, 97, 98, 99, 100, 103, 104, 107, 108, 111, 113], "excluded_lines": []}, "AuditLogger.process": {"executed_lines": [], "summary": {"covered_lines": 0, "num_statements": 12, "percent_covered": 0.0, "percent_covered_display": "0", "missing_lines": 12, "excluded_lines": 0}, "missing_lines": [128, 131, 134, 135, 138, 139, 140, 143, 145, 147, 149, 152], "excluded_lines": []}, "AuditLogger.log_oauth_event": {"executed_lines": [], "summary": {"covered_lines": 0, "num_statements": 2, "percent_covered": 0.0, "percent_covered_display": "0", "missing_lines": 2, "excluded_lines": 0}, "missing_lines": [158, 170], "excluded_lines": []}, "AuditLogger.log_permission_check": {"executed_lines": [], "summary": {"covered_lines": 0, "num_statements": 7, "percent_covered": 0.0, "percent_covered_display": "0", "missing_lines": 7, "excluded_lines": 0}, "missing_lines": [175, 176, 177, 180, 181, 183, 195], "excluded_lines": []}, "AuditLogger.log_command_execution": {"executed_lines": [], "summary": {"covered_lines": 0, "num_statements": 7, "percent_covered": 0.0, "percent_covered_display": "0", "missing_lines": 7, "excluded_lines": 0}, "missing_lines": [201, 204, 205, 207, 208, 210, 223], "excluded_lines": []}, "AuditLogger.log_api_call": {"executed_lines": [], "summary": {"covered_lines": 0, "num_statements": 7, "percent_covered": 0.0, "percent_covered_display": "0", "missing_lines": 7, "excluded_lines": 0}, "missing_lines": [229, 231, 232, 234, 235, 237, 249], "excluded_lines": []}, "AuditLogger.log_security_violation": {"executed_lines": [], "summary": {"covered_lines": 0, "num_statements": 3, "percent_covered": 0.0, "percent_covered_display": "0", "missing_lines": 3, "excluded_lines": 0}, "missing_lines": [255, 265, 268], "excluded_lines": []}, "AuditLogger.log_data_access": {"executed_lines": [], "summary": {"covered_lines": 0, "num_statements": 2, "percent_covered": 0.0, "percent_covered_display": "0", "missing_lines": 2, "excluded_lines": 0}, "missing_lines": [273, 284], "excluded_lines": []}, "AuditLogger._extract_security_context": {"executed_lines": [], "summary": {"covered_lines": 0, "num_statements": 21, "percent_covered": 0.0, "percent_covered_display": "0", "missing_lines": 21, "excluded_lines": 0}, "missing_lines": [288, 301, 302, 303, 304, 306, 307, 308, 309, 311, 312, 313, 314, 317, 318, 319, 320, 321, 322, 323, 325], "excluded_lines": []}, "AuditLogger._should_log_request": {"executed_lines": [], "summary": {"covered_lines": 0, "num_statements": 8, "percent_covered": 0.0, "percent_covered_display": "0", "missing_lines": 8, "excluded_lines": 0}, "missing_lines": [329, 332, 333, 336, 337, 340, 341, 343], "excluded_lines": []}, "AuditLogger._log_request_start": {"executed_lines": [], "summary": {"covered_lines": 0, "num_statements": 2, "percent_covered": 0.0, "percent_covered_display": "0", "missing_lines": 2, "excluded_lines": 0}, "missing_lines": [348, 349], "excluded_lines": []}, "AuditLogger._log_request_completion": {"executed_lines": [], "summary": {"covered_lines": 0, "num_statements": 5, "percent_covered": 0.0, "percent_covered_display": "0", "missing_lines": 5, "excluded_lines": 0}, "missing_lines": [360, 363, 364, 372, 373], "excluded_lines": []}, "AuditLogger._generate_request_id": {"executed_lines": [], "summary": {"covered_lines": 0, "num_statements": 3, "percent_covered": 0.0, "percent_covered_display": "0", "missing_lines": 3, "excluded_lines": 0}, "missing_lines": [384, 385, 386], "excluded_lines": []}, "AuditLogger._get_client_ip": {"executed_lines": [], "summary": {"covered_lines": 0, "num_statements": 6, "percent_covered": 0.0, "percent_covered_display": "0", "missing_lines": 6, "excluded_lines": 0}, "missing_lines": [391, 393, 394, 395, 397, 399], "excluded_lines": []}, "AuditLogger._detect_permission_anomaly": {"executed_lines": [], "summary": {"covered_lines": 0, "num_statements": 7, "percent_covered": 0.0, "percent_covered_display": "0", "missing_lines": 7, "excluded_lines": 0}, "missing_lines": [404, 411, 412, 415, 416, 417, 419], "excluded_lines": []}, "AuditLogger._is_sensitive_command": {"executed_lines": [], "summary": {"covered_lines": 0, "num_statements": 3, "percent_covered": 0.0, "percent_covered_display": "0", "missing_lines": 3, "excluded_lines": 0}, "missing_lines": [423, 428, 429], "excluded_lines": []}, "AuditLogger._sanitize_permission_result": {"executed_lines": [], "summary": {"covered_lines": 0, "num_statements": 5, "percent_covered": 0.0, "percent_covered_display": "0", "missing_lines": 5, "excluded_lines": 0}, "missing_lines": [434, 442, 443, 444, 446], "excluded_lines": []}, "AuditLogger._load_security_patterns": {"executed_lines": [], "summary": {"covered_lines": 0, "num_statements": 1, "percent_covered": 0.0, "percent_covered_display": "0", "missing_lines": 1, "excluded_lines": 0}, "missing_lines": [450], "excluded_lines": []}, "AuditLogger._write_audit_event": {"executed_lines": [], "summary": {"covered_lines": 0, "num_statements": 12, "percent_covered": 0.0, "percent_covered_display": "0", "missing_lines": 12, "excluded_lines": 0}, "missing_lines": [468, 469, 470, 473, 474, 475, 478, 479, 482, 483, 486, 487], "excluded_lines": []}, "AuditLogger._write_to_file": {"executed_lines": [], "summary": {"covered_lines": 0, "num_statements": 9, "percent_covered": 0.0, "percent_covered_display": "0", "missing_lines": 9, "excluded_lines": 0}, "missing_lines": [491, 492, 494, 496, 497, 499, 500, 502, 503], "excluded_lines": []}, "AuditLogger._log_to_console": {"executed_lines": [], "summary": {"covered_lines": 0, "num_statements": 12, "percent_covered": 0.0, "percent_covered_display": "0", "missing_lines": 12, "excluded_lines": 0}, "missing_lines": [507, 514, 516, 517, 518, 519, 520, 521, 522, 523, 524, 526], "excluded_lines": []}, "AuditLogger.get_audit_summary": {"executed_lines": [], "summary": {"covered_lines": 0, "num_statements": 11, "percent_covered": 0.0, "percent_covered_display": "0", "missing_lines": 11, "excluded_lines": 0}, "missing_lines": [530, 532, 538, 539, 540, 542, 543, 544, 546, 547, 549], "excluded_lines": []}, "AuditLogger.search_audit_events": {"executed_lines": [], "summary": {"covered_lines": 0, "num_statements": 21, "percent_covered": 0.0, "percent_covered_display": "0", "missing_lines": 21, "excluded_lines": 0}, "missing_lines": [561, 563, 564, 565, 568, 569, 570, 571, 572, 573, 574, 575, 576, 577, 580, 581, 582, 583, 584, 586, 588], "excluded_lines": []}, "get_audit_logger": {"executed_lines": [], "summary": {"covered_lines": 0, "num_statements": 3, "percent_covered": 0.0, "percent_covered_display": "0", "missing_lines": 3, "excluded_lines": 0}, "missing_lines": [596, 597, 598], "excluded_lines": []}, "log_oauth_event": {"executed_lines": [], "summary": {"covered_lines": 0, "num_statements": 1, "percent_covered": 0.0, "percent_covered_display": "0", "missing_lines": 1, "excluded_lines": 0}, "missing_lines": [603], "excluded_lines": []}, "log_permission_check": {"executed_lines": [], "summary": {"covered_lines": 0, "num_statements": 1, "percent_covered": 0.0, "percent_covered_display": "0", "missing_lines": 1, "excluded_lines": 0}, "missing_lines": [607], "excluded_lines": []}, "log_security_violation": {"executed_lines": [], "summary": {"covered_lines": 0, "num_statements": 1, "percent_covered": 0.0, "percent_covered_display": "0", "missing_lines": 1, "excluded_lines": 0}, "missing_lines": [611], "excluded_lines": []}, "": {"executed_lines": [], "summary": {"covered_lines": 0, "num_statements": 75, "percent_covered": 0.0, "percent_covered_display": "0", "missing_lines": 75, "excluded_lines": 0}, "missing_lines": [13, 14, 15, 16, 17, 18, 19, 20, 22, 23, 25, 27, 29, 30, 31, 32, 33, 34, 35, 36, 37, 39, 41, 42, 43, 44, 46, 47, 49, 50, 51, 52, 53, 54, 55, 56, 57, 58, 59, 60, 61, 62, 63, 64, 65, 66, 68, 81, 115, 154, 172, 197, 225, 251, 270, 286, 327, 345, 357, 382, 388, 401, 421, 431, 448, 465, 489, 505, 528, 559, 591, 593, 601, 605, 609], "excluded_lines": []}}, "classes": {"AuditEventType": {"executed_lines": [], "summary": {"covered_lines": 0, "num_statements": 0, "percent_covered": 100.0, "percent_covered_display": "100", "missing_lines": 0, "excluded_lines": 0}, "missing_lines": [], "excluded_lines": []}, "SecurityLevel": {"executed_lines": [], "summary": {"covered_lines": 0, "num_statements": 0, "percent_covered": 100.0, "percent_covered_display": "100", "missing_lines": 0, "excluded_lines": 0}, "missing_lines": [], "excluded_lines": []}, "AuditEvent": {"executed_lines": [], "summary": {"covered_lines": 0, "num_statements": 0, "percent_covered": 100.0, "percent_covered_display": "100", "missing_lines": 0, "excluded_lines": 0}, "missing_lines": [], "excluded_lines": []}, "AuditLogger": {"executed_lines": [], "summary": {"covered_lines": 0, "num_statements": 179, "percent_covered": 0.0, "percent_covered_display": "0", "missing_lines": 179, "excluded_lines": 0}, "missing_lines": [92, 93, 94, 97, 98, 99, 100, 103, 104, 107, 108, 111, 113, 128, 131, 134, 135, 138, 139, 140, 143, 145, 147, 149, 152, 158, 170, 175, 176, 177, 180, 181, 183, 195, 201, 204, 205, 207, 208, 210, 223, 229, 231, 232, 234, 235, 237, 249, 255, 265, 268, 273, 284, 288, 301, 302, 303, 304, 306, 307, 308, 309, 311, 312, 313, 314, 317, 318, 319, 320, 321, 322, 323, 325, 329, 332, 333, 336, 337, 340, 341, 343, 348, 349, 360, 363, 364, 372, 373, 384, 385, 386, 391, 393, 394, 395, 397, 399, 404, 411, 412, 415, 416, 417, 419, 423, 428, 429, 434, 442, 443, 444, 446, 450, 468, 469, 470, 473, 474, 475, 478, 479, 482, 483, 486, 487, 491, 492, 494, 496, 497, 499, 500, 502, 503, 507, 514, 516, 517, 518, 519, 520, 521, 522, 523, 524, 526, 530, 532, 538, 539, 540, 542, 543, 544, 546, 547, 549, 561, 563, 564, 565, 568, 569, 570, 571, 572, 573, 574, 575, 576, 577, 580, 581, 582, 583, 584, 586, 588], "excluded_lines": []}, "": {"executed_lines": [], "summary": {"covered_lines": 0, "num_statements": 81, "percent_covered": 0.0, "percent_covered_display": "0", "missing_lines": 81, "excluded_lines": 0}, "missing_lines": [13, 14, 15, 16, 17, 18, 19, 20, 22, 23, 25, 27, 29, 30, 31, 32, 33, 34, 35, 36, 37, 39, 41, 42, 43, 44, 46, 47, 49, 50, 51, 52, 53, 54, 55, 56, 57, 58, 59, 60, 61, 62, 63, 64, 65, 66, 68, 81, 115, 154, 172, 197, 225, 251, 270, 286, 327, 345, 357, 382, 388, 401, 421, 431, 448, 465, 489, 505, 528, 559, 591, 593, 596, 597, 598, 601, 603, 605, 607, 609, 611], "excluded_lines": []}}}, "src/bot/middleware/permission_check.py": {"executed_lines": [], "summary": {"covered_lines": 0, "num_statements": 187, "percent_covered": 0.0, "percent_covered_display": "0", "missing_lines": 187, "excluded_lines": 0}, "missing_lines": [9, 10, 11, 12, 13, 15, 16, 19, 20, 21, 22, 23, 24, 26, 28, 39, 48, 49, 50, 53, 54, 57, 58, 59, 60, 62, 64, 66, 68, 80, 82, 83, 86, 88, 90, 93, 96, 97, 100, 101, 104, 106, 107, 108, 111, 112, 114, 116, 119, 120, 123, 124, 127, 128, 130, 132, 134, 137, 138, 148, 149, 150, 151, 152, 153, 154, 155, 157, 167, 168, 169, 177, 179, 182, 184, 185, 186, 187, 188, 189, 192, 193, 202, 204, 205, 208, 210, 212, 222, 228, 230, 231, 234, 237, 238, 239, 240, 241, 242, 244, 250, 252, 255, 256, 257, 258, 259, 260, 262, 264, 270, 272, 273, 276, 277, 278, 282, 283, 287, 288, 292, 293, 297, 298, 302, 303, 309, 315, 316, 322, 324, 328, 330, 331, 332, 335, 336, 338, 341, 342, 359, 361, 364, 365, 367, 368, 369, 371, 372, 374, 375, 376, 378, 380, 383, 399, 400, 402, 404, 406, 414, 417, 427, 428, 429, 431, 434, 437, 442, 443, 444, 445, 446, 447, 448, 449, 452, 455, 456, 457, 459, 460, 463, 465, 468, 469, 470], "excluded_lines": [], "functions": {"PermissionMiddleware.__init__": 
[...]
93, 194, 196, 203, 215, 218, 219, 221, 222, 223, 224, 225, 230, 232, 237, 241, 243, 244, 245, 246, 250, 253, 254, 255, 256, 258, 259, 271, 274, 275, 276, 278, 279, 280, 281, 282, 284, 285, 287, 288, 289, 290, 292, 294, 299, 300, 301, 304, 305, 309, 310, 313, 314, 333, 335, 336, 338, 340, 341, 344, 351, 357, 370, 372, 374, 375, 376, 379, 380, 381, 384, 385, 386, 389, 390, 400, 402, 403, 404, 407, 408, 409, 410, 413, 414, 415, 418, 419, 422, 433, 449, 450, 451, 453, 458, 459, 460, 463, 464, 465, 466, 470, 475, 476, 477, 478, 481, 493, 494, 496, 497, 498, 499, 501, 505, 506, 508, 516, 520, 521, 523, 524, 526, 532, 548, 550, 551, 552, 553, 554, 569, 571, 572, 573, 574, 575, 576, 577, 578, 580, 584, 585, 586], "summary": {"covered_lines": 179, "num_statements": 236, "percent_covered": 75.84745762711864, "percent_covered_display": "76", "missing_lines": 57, "excluded_lines": 0}, "missing_lines": [126, 155, 171, 172, 173, 178, 179, 180, 198, 199, 200, 201, 226, 227, 234, 235, 238, 248, 272, 319, 320, 353, 354, 355, 391, 392, 393, 394, 395, 396, 397, 398, 420, 424, 425, 426, 429, 430, 431, 435, 436, 437, 439, 440, 441, 443, 444, 445, 467, 471, 472, 534, 535, 555, 556, 587, 589], "excluded_lines": []}, "": {"executed_lines": [1, 21, 22, 23, 24, 25, 26, 27, 28, 29, 30, 31, 33, 35, 38, 39, 41, 48, 49, 50, 52, 53, 54, 55, 56, 57, 58, 59, 60, 61, 62, 63, 65, 80, 81, 94, 109, 205, 261, 322, 359, 455, 483, 503, 514, 518, 537, 538, 558, 559, 582], "summary": {"covered_lines": 47, "num_statements": 47, "percent_covered": 100.0, "percent_covered_display": "100", "missing_lines": 0, "excluded_lines": 0}, "missing_lines": [], "excluded_lines": []}}}, "src/search/migrations.py": {"executed_lines": [1, 21, 22, 23, 24, 25, 26, 27, 28, 29, 30, 32, 35, 36, 37, 40, 41, 42, 45, 46, 47, 50, 51, 53, 54, 55, 56, 57, 58, 60, 61, 63, 64, 65, 66, 68, 69, 71, 72, 73, 74, 76, 103, 104, 106, 107, 108, 111, 114, 117, 119, 121, 122, 123, 131, 136, 137, 139, 151, 152, 153, 156, 157, 159, 161, 162, 163, 164, 165, 166, 174, 176, 179, 181, 183, 184, 185, 188, 189, 191, 194, 198, 205, 206, 208, 210, 213, 214, 215, 216, 217, 219, 222, 225, 229, 231, 232, 234, 235, 237, 238, 239, 240, 241, 244, 245, 246, 250, 253, 255, 258, 259, 262, 266, 268, 269, 271, 272, 273, 275, 277, 281, 283, 285, 289, 294, 296, 297, 298, 300, 301, 303, 304, 309, 311, 312, 315, 316, 317, 318, 319, 320, 327, 342, 365, 367], "summary": {"covered_lines": 140, "num_statements": 198, "percent_covered": 70.70707070707071, "percent_covered_display": "71", "missing_lines": 58, "excluded_lines": 0}, "missing_lines": [78, 80, 81, 84, 86, 87, 89, 90, 91, 94, 96, 97, 98, 99, 100, 132, 133, 134, 141, 142, 143, 144, 146, 147, 148, 167, 169, 170, 171, 172, 195, 196, 200, 201, 202, 220, 226, 227, 247, 251, 278, 279, 286, 287, 290, 306, 307, 324, 325, 344, 346, 347, 348, 349, 350, 352, 353, 355], "excluded_lines": [], "functions": {"Migration.__init__": {"executed_lines": [54, 55, 56, 57, 58], "summary": {"covered_lines": 5, "num_statements": 5, "percent_covered": 100.0, "percent_covered_display": "100", "missing_lines": 0, "excluded_lines": 0}, "missing_lines": [], "excluded_lines": []}, "Migration.sql_content": {"executed_lines": [63, 64, 65, 66], "summary": {"covered_lines": 4, "num_statements": 4, "percent_covered": 100.0, "percent_covered_display": "100", "missing_lines": 0, "excluded_lines": 0}, "missing_lines": [], "excluded_lines": []}, "Migration.checksum": {"executed_lines": [71, 72, 73, 74], "summary": {"covered_lines": 4, "num_statements": 4, "percent_covered": 100.0, "percent_covered_display": "100", "missing_lines": 0, "excluded_lines": 0}, "missing_lines": [], "excluded_lines": []}, "Migration.validate_syntax": {"executed_lines": [], "summary": {"covered_lines": 0, "num_statements": 15, "percent_covered": 0.0, "percent_covered_display": "0", "missing_lines": 15, "excluded_lines": 0}, "missing_lines": [78, 80, 81, 84, 86, 87, 89, 90, 91, 94, 96, 97, 98, 99, 100], "excluded_lines": []}, "MigrationManager.__init__": {"executed_lines": [107, 108, 111, 114, 117], "summary": {"covered_lines": 5, "num_statements": 5, "percent_covered": 100.0, "percent_covered_display": "100", "missing_lines": 0, "excluded_lines": 0}, "missing_lines": [], "excluded_lines": []}, "MigrationManager._initialize_migration_tracking": {"executed_lines": [121, 122, 123, 131], "summary": {"covered_lines": 4, "num_statements": 7, "percent_covered": 57.142857142857146, "percent_covered_display": "57", "missing_lines": 3, "excluded_lines": 0}, "missing_lines": [132, 133, 134], "excluded_lines": []}, "MigrationManager._file_lock": {"executed_lines": [139, 151, 152, 153, 156, 157], "summary": {"covered_lines": 6, "num_statements": 13, "percent_covered": 46.15384615384615, "percent_covered_display": "46", "missing_lines": 7, "excluded_lines": 0}, "missing_lines": [141, 142, 143, 144, 146, 147, 148], "excluded_lines": []}, "MigrationManager.get_current_version": {"executed_lines": [161, 162, 163, 164, 165, 166], "summary": {"covered_lines": 6, "num_statements": 11, "percent_covered": 54.54545454545455, "percent_covered_display": "55", "missing_lines": 5, "excluded_lines": 0}, "missing_lines": [167, 169, 170, 171, 172], "excluded_lines": []}, "MigrationManager.discover_migrations": {"executed_lines": [176, 179, 181, 183, 184, 185, 188, 189, 191, 194, 198, 205, 206], "summary": {"covered_lines": 13, "num_statements": 18, "percent_covered": 72.22222222222223, "percent_covered_display": "72", "missing_lines": 5, "excluded_lines": 0}, "missing_lines": [195, 196, 200, 201, 202], "excluded_lines": []}, "MigrationManager.apply_migration": {"executed_lines": [210, 213, 214, 215, 216, 217, 219, 222, 225, 229, 231, 232, 234, 235, 237, 238, 239, 240, 241, 244, 245, 246, 250, 253, 255, 258, 259, 262, 266, 268, 269, 271, 272, 273, 275, 277], "summary": {"covered_lines": 36, "num_statements": 43, "percent_covered": 83.72093023255815, "percent_covered_display": "84", "missing_lines": 7, "excluded_lines": 0}, "missing_lines": [220, 226, 227, 247, 251, 278, 279], "excluded_lines": []}, "MigrationManager.rollback_to_version": {"executed_lines": [283, 285, 289, 294, 296, 297, 298, 300, 301, 303, 304], "summary": {"covered_lines": 11, "num_statements": 16, "percent_covered": 68.75, "percent_covered_display": "69", "missing_lines": 5, "excluded_lines": 0}, "missing_lines": [286, 287, 290, 306, 307], "excluded_lines": []}, "MigrationManager.get_migration_status": {"executed_lines": [311, 312, 315, 316, 317, 318, 319, 320, 327], "summary": {"covered_lines": 9, "num_statements": 11, "percent_covered": 81.81818181818181, "percent_covered_display": "82", "missing_lines": 2, "excluded_lines": 0}, "missing_lines": [324, 325], "excluded_lines": []}, "MigrationManager.dry_run_migration": {"executed_lines": [], "summary": {"covered_lines": 0, "num_statements": 9, "percent_covered": 0.0, "percent_covered_display": "0", "missing_lines": 9, "excluded_lines": 0}, "missing_lines": [344, 346, 347, 348, 349, 350, 352, 353, 355], "excluded_lines": []}, "create_migration_manager": {"executed_lines": [367], "summary": {"covered_lines": 1, "num_statements": 1, "percent_covered": 100.0, "percent_covered_display": "100", "missing_lines": 0, "excluded_lines": 0}, "missing_lines": [], "excluded_lines": []}, "": {"executed_lines": [1, 21, 22, 23, 24, 25, 26, 27, 28, 29, 30, 32, 35, 36, 37, 40, 41, 42, 45, 46, 47, 50, 51, 53, 60, 61, 68, 69, 76, 103, 104, 106, 119, 136, 137, 159, 174, 208, 281, 309, 342, 365], "summary": {"covered_lines": 36, "num_statements": 36, "percent_covered": 100.0, "percent_covered_display": "100", "missing_lines": 0, "excluded_lines": 0}, "missing_lines": [], "excluded_lines": []}}, "classes": {"MigrationError": {"executed_lines": [], "summary": {"covered_lines": 0, "num_statements": 0, "percent_covered": 100.0, "percent_covered_display": "100", "missing_lines": 0, "excluded_lines": 0}, "missing_lines": [], "excluded_lines": []}, "MigrationValidationError": {"executed_lines": [], "summary": {"covered_lines": 0, "num_statements": 0, "percent_covered": 100.0, "percent_covered_display": "100", "missing_lines": 0, "excluded_lines": 0}, "missing_lines": [], "excluded_lines": []}, "MigrationRollbackError": {"executed_lines": [], "summary": {"covered_lines": 0, "num_statements": 0, "percent_covered": 100.0, "percent_covered_display": "100", "missing_lines": 0, "excluded_lines": 0}, "missing_lines": [], "excluded_lines": []}, "Migration": {"executed_lines": [54, 55, 56, 57, 58, 63, 64, 65, 66, 71, 72, 73, 74], "summary": {"covered_lines": 13, "num_statements": 28, "percent_covered": 46.42857142857143, "percent_covered_display": "46", "missing_lines": 15, "excluded_lines": 0}, "missing_lines": [78, 80, 81, 84, 86, 87, 89, 90, 91, 94, 96, 97, 98, 99, 100], "excluded_lines": []}, "MigrationManager": {"executed_lines": [107, 108, 111, 114, 117, 121, 122, 123, 131, 139, 151, 152, 153, 156, 157, 161, 162, 163, 164, 165, 166, 176, 179, 181, 183, 184, 185, 188, 189, 191, 194, 198, 205, 206, 210, 213, 214, 215, 216, 217, 219, 222, 225, 229, 231, 232, 234, 235, 237, 238, 239, 240, 241, 244, 245, 246, 250, 253, 255, 258, 259, 262, 266, 268, 269, 271, 272, 273, 275, 277, 283, 285, 289, 294, 296, 297, 298, 300, 301, 303, 304, 311, 312, 315, 316, 317, 318, 319, 320, 327], "summary": {"covered_lines": 90, "num_statements": 133, "percent_covered": 67.66917293233082, "percent_covered_display": "68", "missing_lines": 43, "excluded_lines": 0}, "missing_lines": [132, 133, 134, 141, 142, 143, 144, 146, 147, 148, 167, 169, 170, 171, 172, 195, 196, 200, 201, 202, 220, 226, 227, 247, 251, 278, 279, 286, 287, 290, 306, 307, 324, 325, 344, 346, 347, 348, 349, 350, 352, 353, 355], "excluded_lines": []}, "": {"executed_lines": [1, 21, 22, 23, 24, 25, 26, 27, 28, 29, 30, 32, 35, 36, 37, 40, 41, 42, 45, 46, 47, 50, 51, 53, 60, 61, 68, 69, 76, 103, 104, 106, 119, 136, 137, 159, 174, 208, 281, 309, 342, 365, 367], "summary": {"covered_lines": 37, "num_statements": 37, "percent_covered": 100.0, "percent_covered_display": "100", "missing_lines": 0, "excluded_lines": 0}, "missing_lines": [], "excluded_lines": []}}}, "src/search/schema_validator.py": {"executed_lines": [1, 21, 22, 23, 24, 25, 26, 27, 28, 30, 33, 34, 35, 36, 37, 38, 39, 40, 41, 44, 45, 46, 47, 48, 49, 50, 51, 52, 55, 56, 57, 60, 61, 63, 64, 67, 75, 83, 89, 91, 92, 94, 96, 98, 99, 100, 103, 104, 107, 110, 123, 124, 126, 128, 131, 134, 135, 144, 149, 158, 160, 162, 163, 164, 167, 168, 171, 172, 173, 181, 184, 185, 186, 188, 189, 199, 207, 223, 225, 227, 229, 230, 231, 234, 235, 237, 238, 239, 248, 264, 266, 268, 270, 271, 272, 275, 276, 278, 279, 289, 305, 307, 309, 311, 312, 313, 317, 322, 324, 334, 342, 347, 349, 359, 375, 377, 379, 381, 382, 383, 386, 387, 399, 400, 402, 403, 404, 418, 428, 444, 446, 448, 450, 451, 452, 455, 456, 457, 459, 469, 477, 478, 479, 480, 482, 484, 494, 510, 512, 514, 516, 517, 518, 521, 529, 530, 531, 533, 543, 559, 561, 563, 564, 565, 567, 570, 571, 573, 574, 580, 582, 583, 584, 586, 589, 598, 599, 601, 602, 609, 611, 614, 616, 618, 619, 620, 621, 622, 624, 625, 626, 627, 630, 631, 632, 634, 635, 636, 637, 638, 640, 648, 656, 661], "summary": {"covered_lines": 199, "num_statements": 252, "percent_covered": 78.96825396825396, "percent_covered_display": "79", "missing_lines": 53, "excluded_lines": 0}, "missing_lines": [112, 113, 114, 127, 129, 190, 214, 215, 255, 256, 280, 296, 297, 325, 350, 366, 367, 388, 396, 405, 407, 415, 419, 435, 436, 460, 485, 501, 502, 534, 550, 551, 576, 577, 578, 604, 605, 606, 641, 642, 643, 644, 645, 646, 649, 650, 651, 652, 653, 654, 657, 658, 659], "excluded_lines": [], "functions": {"SchemaValidator.__init__": {"executed_lines": [64, 67, 75, 83], "summary": {"covered_lines": 4, "num_statements": 4, "percent_covered": 100.0, "percent_covered_display": "100", "missing_lines": 0, "excluded_lines": 0}, "missing_lines": [], "excluded_lines": []}, "SchemaValidator.validate_complete_schema": {"executed_lines": [91, 92, 94, 96, 98, 99, 100, 103, 104, 107, 110, 123, 124, 126, 128, 131, 134, 135, 144, 149], "summary": {"covered_lines": 20, "num_statements": 25, "percent_covered": 80.0, "percent_covered_display": "80", "missing_lines": 5, "excluded_lines": 0}, "missing_lines": [112, 113, 114, 127, 129], "excluded_lines": []}, "SchemaValidator._validate_table_structure": {"executed_lines": [160, 162, 163, 164, 167, 168, 171, 172, 173, 181, 184, 185, 186, 188, 189, 199, 207, 223], "summary": {"covered_lines": 18, "num_statements": 21, "percent_covered": 85.71428571428571, "percent_covered_display": "86", "missing_lines": 3, "excluded_lines": 0}, "missing_lines": [190, 214, 215], "excluded_lines": []}, "SchemaValidator._validate_indexes": {"executed_lines": [227, 229, 230, 231, 234, 235, 237, 238, 239, 248, 264], "summary": {"covered_lines": 11, "num_statements": 13, "percent_covered": 84.61538461538461, "percent_covered_display": "85", "missing_lines": 2, "excluded_lines": 0}, "missing_lines": [255, 256], "excluded_lines": []}, "SchemaValidator._validate_triggers": {"executed_lines": [268, 270, 271, 272, 275, 276, 278, 279, 289, 305], "summary": {"covered_lines": 10, "num_statements": 13, "percent_covered": 76.92307692307692, "percent_covered_display": "77", "missing_lines": 3, "excluded_lines": 0}, "missing_lines": [280, 296, 297], "excluded_lines": []}, "SchemaValidator._validate_data_consistency": {"executed_lines": [309, 311, 312, 313, 317, 322, 324, 334, 342, 347, 349, 359, 375], "summary": {"covered_lines": 13, "num_statements": 17, "percent_covered": 76.47058823529412, "percent_covered_display": "76", "missing_lines": 4, "excluded_lines": 0}, "missing_lines": [325, 350, 366, 367], "excluded_lines": []}, "SchemaValidator._validate_fts_synchronization": {"executed_lines": [379, 381, 382, 383, 386, 387, 399, 400, 402, 403, 404, 418, 428, 444], "summary": {"covered_lines": 14, "num_statements": 22, "percent_covered": 63.63636363636363, "percent_covered_display": "64", "missing_lines": 8, "excluded_lines": 0}, "missing_lines": [388, 396, 405, 407, 415, 419, 435, 436], "excluded_lines": []}, "SchemaValidator._validate_performance_characteristics": {"executed_lines": [448, 450, 451, 452, 455, 456, 457, 459, 469, 477, 478, 479, 480, 482, 484, 494, 510], "summary": {"covered_lines": 17, "num_statements": 21, "percent_covered": 80.95238095238095, "percent_covered_display": "81", "missing_lines": 4, "excluded_lines": 0}, "missing_lines": [460, 485, 501, 502], "excluded_lines": []}, "SchemaValidator._validate_referential_integrity": {"executed_lines": [514, 516, 517, 518, 521, 529, 530, 531, 533, 543, 559], "summary": {"covered_lines": 11, "num_statements": 14, "percent_covered": 78.57142857142857, "percent_covered_display": "79", "missing_lines": 3, "excluded_lines": 0}, "missing_lines": [534, 550, 551], "excluded_lines": []}, "SchemaValidator.repair_fts_synchronization": {"executed_lines": [563, 564, 565, 567, 570, 571, 573, 574], "summary": {"covered_lines": 8, "num_statements": 11, "percent_covered": 72.72727272727273, "percent_covered_display": "73", "missing_lines": 3, "excluded_lines": 0}, "missing_lines": [576, 577, 578], "excluded_lines": []}, "SchemaValidator.repair_orphaned_data": {"executed_lines": [582, 583, 584, 586, 589, 598, 599, 601, 602], "summary": {"covered_lines": 9, "num_statements": 12, "percent_covered": 75.0, "percent_covered_display": "75", "missing_lines": 3, "excluded_lines": 0}, "missing_lines": [604, 605, 606], "excluded_lines": []}, "create_schema_validator": {"executed_lines": [611], "summary": {"covered_lines": 1, "num_statements": 1, "percent_covered": 100.0, "percent_covered_display": "100", "missing_lines": 0, "excluded_lines": 0}, "missing_lines": [], "excluded_lines": []}, "format_validation_report": {"executed_lines": [616, 618, 619, 620, 621, 622, 624, 625, 626, 627, 630, 631, 632, 634, 635, 636, 637, 638, 640, 648, 656, 661], "summary": {"covered_lines": 22, "num_statements": 37, "percent_covered": 59.45945945945946, "percent_covered_display": "59", "missing_lines": 15, "excluded_lines": 0}, "missing_lines": [641, 642, 643, 644, 645, 646, 649, 650, 651, 652, 653, 654, 657, 658, 659], "excluded_lines": []}, "": {"executed_lines": [1, 21, 22, 23, 24, 25, 26, 27, 28, 30, 33, 34, 35, 36, 37, 38, 39, 40, 41, 44, 45, 46, 47, 48, 49, 50, 51, 52, 55, 56, 57, 60, 61, 63, 89, 158, 225, 266, 307, 377, 446, 512, 561, 580, 609, 614], "summary": {"covered_lines": 41, "num_statements": 41, "percent_covered": 100.0, "percent_covered_display": "100", "missing_lines": 0, "excluded_lines": 0}, "missing_lines": [], "excluded_lines": []}}, "classes": {"ValidationResult": {"executed_lines": [], "summary": {"covered_lines": 0, "num_statements": 0, "percent_covered": 100.0, "percent_covered_display": "100", "missing_lines": 0, "excluded_lines": 0}, "missing_lines": [], "excluded_lines": []}, "SchemaValidationReport": {"executed_lines": [], "summary": {"covered_lines": 0, "num_statements": 0, "percent_covered": 100.0, "percent_covered_display": "100", "missing_lines": 0, "excluded_lines": 0}, "missing_lines": [], "excluded_lines": []}, "SchemaValidationError": {"executed_lines": [], "summary": {"covered_lines": 0, "num_statements": 0, "percent_covered": 100.0, "percent_covered_display": "100", "missing_lines": 0, "excluded_lines": 0}, "missing_lines": [], "excluded_lines": []}, "SchemaValidator": {"executed_lines": [64, 67, 75, 83, 91, 92, 94, 96, 98, 99, 100, 103, 104, 107, 110, 123, 124, 126, 128, 131, 134, 135, 144, 149, 160, 162, 163, 164, 167, 168, 171, 172, 173, 181, 184, 185, 186, 188, 189, 199, 207, 223, 227, 229, 230, 231, 234, 235, 237, 238, 239, 248, 264, 268, 270, 271, 272, 275, 276, 278, 279, 289, 305, 309, 311, 312, 313, 317, 322, 324, 334, 342, 347, 349, 359, 375, 379, 381, 382, 383, 386, 387, 399, 400, 402, 403, 404, 418, 428, 444, 448, 450, 451, 452, 455, 456, 457, 459, 469, 477, 478, 479, 480, 482, 484, 494, 510, 514, 516, 517, 518, 521, 529, 530, 531, 533, 543, 559, 563, 564, 565, 567, 570, 571, 573, 574, 582, 583, 584, 586, 589, 598, 599, 601, 602], "summary": {"covered_lines": 135, "num_statements": 173, "percent_covered": 78.03468208092485, "percent_covered_display": "78", "missing_lines": 38, "excluded_lines": 0}, "missing_lines": [112, 113, 114, 127, 129, 190, 214, 215, 255, 256, 280, 296, 297, 325, 350, 366, 367, 388, 396, 405, 407, 415, 419, 435, 436, 460, 485, 501, 502, 534, 550, 551, 576, 577, 578, 604, 605, 606], "excluded_lines": []}, "": {"executed_lines": [1, 21, 22, 23, 24, 25, 26, 27, 28, 30, 33, 34, 35, 36, 37, 38, 39, 40, 41, 44, 45, 46, 47, 48, 49, 50, 51, 52, 55, 56, 57, 60, 61, 63, 89, 158, 225, 266, 307, 377, 446, 512, 561, 580, 609, 611, 614, 616, 618, 619, 620, 621, 622, 624, 625, 626, 627, 630, 631, 632, 634, 635, 636, 637, 638, 640, 648, 656, 661], "summary": {"covered_lines": 64, "num_statements": 79, "percent_covered": 81.0126582278481, "percent_covered_display": "81", "missing_lines": 15, "excluded_lines": 0}, "missing_lines": [641, 642, 643, 644, 645, 646, 649, 650, 651, 652, 653, 654, 657, 658, 659], "excluded_lines": []}}}, "src/state_machines/__init__.py": {"executed_lines": [], "summary": {"covered_lines": 0, "num_statements": 0, "percent_covered": 100.0, "percent_covered_display": "100", "missing_lines": 0, "excluded_lines": 0}, "missing_lines": [], "excluded_lines": [], "functions": {"": {"executed_lines": [], "summary": {"covered_lines": 0, "num_statements": 0, "percent_covered": 100.0, "percent_covered_display": "100", "missing_lines": 0, "excluded_lines": 0}, "missing_lines": [], "excluded_lines": []}}, "classes": {"": {"executed_lines": [], "summary": {"covered_lines": 0, "num_statements": 0, "percent_covered": 100.0, "percent_covered_display": "100", "missing_lines": 0, "excluded_lines": 0}, "missing_lines": [], "excluded_lines": []}}}}, "totals": {"covered_lines": 6718, "num_statements": 14609, "percent_covered": 45.98535149565336, "percent_covered_display": "46", "missing_lines": 7891, "excluded_lines": 328}}